[0.792s] Invoking command in '/home/mcrr-lab/raf-deploy/src/perception': DEBUGINFOD_URLS=https://debuginfod.ubuntu.com PYTHONPATH=/home/mcrr-lab/raf-deploy/build/perception/prefix_override:/usr/lib/python3/dist-packages/colcon_core/task/python/colcon_distutils_commands:/home/mcrr-lab/raf-deploy/install/perception/lib/python3.12/site-packages:${PYTHONPATH} VIRTUAL_ENV_PROMPT=(deploy-env) /usr/bin/python3 -W ignore:setup.py install is deprecated -W ignore:easy_install command is deprecated setup.py egg_info --egg-base ../../build/perception build --build-base /home/mcrr-lab/raf-deploy/build/perception/build install --record /home/mcrr-lab/raf-deploy/build/perception/install.log --single-version-externally-managed install_data
[1.003s] running egg_info
[1.019s] writing ../../build/perception/perception.egg-info/PKG-INFO
[1.020s] writing dependency_links to ../../build/perception/perception.egg-info/dependency_links.txt
[1.020s] writing entry points to ../../build/perception/perception.egg-info/entry_points.txt
[1.020s] writing requirements to ../../build/perception/perception.egg-info/requires.txt
[1.020s] writing top-level names to ../../build/perception/perception.egg-info/top_level.txt
[1.053s] reading manifest file '../../build/perception/perception.egg-info/SOURCES.txt'
[1.053s] writing manifest file '../../build/perception/perception.egg-info/SOURCES.txt'
[1.053s] running build
[1.054s] running build_py
[1.054s] copying perception/perception_node.py -> /home/mcrr-lab/raf-deploy/build/perception/build/lib/perception
[1.054s] running install
[1.058s] running install_lib
[1.074s] copying /home/mcrr-lab/raf-deploy/build/perception/build/lib/perception/perception_node.py -> /home/mcrr-lab/raf-deploy/install/perception/lib/python3.12/site-packages/perception
[1.075s] byte-compiling /home/mcrr-lab/raf-deploy/install/perception/lib/python3.12/site-packages/perception/perception_node.py to perception_node.cpython-312.pyc
[1.077s] running install_data
[1.077s] running install_egg_info
[1.095s] removing '/home/mcrr-lab/raf-deploy/install/perception/lib/python3.12/site-packages/perception-0.0.0-py3.12.egg-info' (and everything under it)
[1.095s] Copying ../../build/perception/perception.egg-info to /home/mcrr-lab/raf-deploy/install/perception/lib/python3.12/site-packages/perception-0.0.0-py3.12.egg-info
[1.095s] running install_scripts
[1.255s] Installing perception_node script to /home/mcrr-lab/raf-deploy/install/perception/lib/perception
[1.255s] writing list of installed files to '/home/mcrr-lab/raf-deploy/build/perception/install.log'
[1.278s] Invoked command in '/home/mcrr-lab/raf-deploy/src/perception' returned '0': DEBUGINFOD_URLS=https://debuginfod.ubuntu.com PYTHONPATH=/home/mcrr-lab/raf-deploy/build/perception/prefix_override:/usr/lib/python3/dist-packages/colcon_core/task/python/colcon_distutils_commands:/home/mcrr-lab/raf-deploy/install/perception/lib/python3.12/site-packages:${PYTHONPATH} VIRTUAL_ENV_PROMPT=(deploy-env) /usr/bin/python3 -W ignore:setup.py install is deprecated -W ignore:easy_install command is deprecated setup.py egg_info --egg-base ../../build/perception build --build-base /home/mcrr-lab/raf-deploy/build/perception/build install --record /home/mcrr-lab/raf-deploy/build/perception/install.log --single-version-externally-managed install_data
