[  2%] Built target raf_interfaces__rosidl_generator_type_description
[  2%] Built target ament_cmake_python_copy_raf_interfaces
[  4%] Built target raf_interfaces__cpp
[ 22%] Built target raf_interfaces__rosidl_generator_c
[ 31%] Built target raf_interfaces__rosidl_typesupport_c
[ 40%] Built target raf_interfaces__rosidl_typesupport_introspection_cpp
[ 50%] Built target raf_interfaces__rosidl_typesupport_introspection_c
[ 59%] Built target raf_interfaces__rosidl_typesupport_cpp
[ 68%] Built target raf_interfaces__rosidl_typesupport_fastrtps_c
[ 77%] Built target raf_interfaces__rosidl_typesupport_fastrtps_cpp
[ 77%] Built target raf_interfaces
[ 79%] Built target raf_interfaces__py
[ 86%] Built target raf_interfaces__rosidl_generator_py
[ 90%] Built target raf_interfaces_s__rosidl_typesupport_fastrtps_c
[ 95%] Built target raf_interfaces_s__rosidl_typesupport_introspection_c
[100%] Built target raf_interfaces_s__rosidl_typesupport_c
running egg_info
writing raf_interfaces.egg-info/PKG-INFO
writing dependency_links to raf_interfaces.egg-info/dependency_links.txt
writing top-level names to raf_interfaces.egg-info/top_level.txt
reading manifest file 'raf_interfaces.egg-info/SOURCES.txt'
writing manifest file 'raf_interfaces.egg-info/SOURCES.txt'
[100%] Built target ament_cmake_python_build_raf_interfaces_egg
-- Install configuration: ""
-- Up-to-date: /home/mcrr-lab/raf-deploy/install/raf_interfaces/share/ament_index/resource_index/rosidl_interfaces/raf_interfaces
-- Up-to-date: /home/mcrr-lab/raf-deploy/install/raf_interfaces/share/raf_interfaces/msg/DetectedFood.json
-- Up-to-date: /home/mcrr-lab/raf-deploy/install/raf_interfaces/share/raf_interfaces/srv/IdentifyFood.json
-- Up-to-date: /home/mcrr-lab/raf-deploy/install/raf_interfaces/include/raf_interfaces/raf_interfaces
-- Up-to-date: /home/mcrr-lab/raf-deploy/install/raf_interfaces/include/raf_interfaces/raf_interfaces/srv
-- Up-to-date: /home/mcrr-lab/raf-deploy/install/raf_interfaces/include/raf_interfaces/raf_interfaces/srv/identify_food.h
-- Up-to-date: /home/mcrr-lab/raf-deploy/install/raf_interfaces/include/raf_interfaces/raf_interfaces/srv/detail
-- Up-to-date: /home/mcrr-lab/raf-deploy/install/raf_interfaces/include/raf_interfaces/raf_interfaces/srv/detail/identify_food__type_support.c
-- Up-to-date: /home/mcrr-lab/raf-deploy/install/raf_interfaces/include/raf_interfaces/raf_interfaces/srv/detail/identify_food__functions.c
-- Up-to-date: /home/mcrr-lab/raf-deploy/install/raf_interfaces/include/raf_interfaces/raf_interfaces/srv/detail/identify_food__type_support.h
-- Up-to-date: /home/mcrr-lab/raf-deploy/install/raf_interfaces/include/raf_interfaces/raf_interfaces/srv/detail/identify_food__struct.h
-- Up-to-date: /home/mcrr-lab/raf-deploy/install/raf_interfaces/include/raf_interfaces/raf_interfaces/srv/detail/identify_food__functions.h
-- Up-to-date: /home/mcrr-lab/raf-deploy/install/raf_interfaces/include/raf_interfaces/raf_interfaces/srv/detail/identify_food__description.c
-- Up-to-date: /home/mcrr-lab/raf-deploy/install/raf_interfaces/include/raf_interfaces/raf_interfaces/msg
-- Up-to-date: /home/mcrr-lab/raf-deploy/install/raf_interfaces/include/raf_interfaces/raf_interfaces/msg/detected_food.h
-- Up-to-date: /home/mcrr-lab/raf-deploy/install/raf_interfaces/include/raf_interfaces/raf_interfaces/msg/detail
-- Up-to-date: /home/mcrr-lab/raf-deploy/install/raf_interfaces/include/raf_interfaces/raf_interfaces/msg/detail/detected_food__description.c
-- Up-to-date: /home/mcrr-lab/raf-deploy/install/raf_interfaces/include/raf_interfaces/raf_interfaces/msg/detail/detected_food__type_support.c
-- Up-to-date: /home/mcrr-lab/raf-deploy/install/raf_interfaces/include/raf_interfaces/raf_interfaces/msg/detail/detected_food__type_support.h
-- Up-to-date: /home/mcrr-lab/raf-deploy/install/raf_interfaces/include/raf_interfaces/raf_interfaces/msg/detail/detected_food__struct.h
-- Up-to-date: /home/mcrr-lab/raf-deploy/install/raf_interfaces/include/raf_interfaces/raf_interfaces/msg/detail/detected_food__functions.h
-- Up-to-date: /home/mcrr-lab/raf-deploy/install/raf_interfaces/include/raf_interfaces/raf_interfaces/msg/detail/detected_food__functions.c
-- Up-to-date: /home/mcrr-lab/raf-deploy/install/raf_interfaces/include/raf_interfaces/raf_interfaces/msg/rosidl_generator_c__visibility_control.h
-- Up-to-date: /home/mcrr-lab/raf-deploy/install/raf_interfaces/share/raf_interfaces/environment/library_path.sh
-- Up-to-date: /home/mcrr-lab/raf-deploy/install/raf_interfaces/share/raf_interfaces/environment/library_path.dsv
-- Up-to-date: /home/mcrr-lab/raf-deploy/install/raf_interfaces/lib/libraf_interfaces__rosidl_generator_c.so
-- Up-to-date: /home/mcrr-lab/raf-deploy/install/raf_interfaces/include/raf_interfaces/raf_interfaces
-- Up-to-date: /home/mcrr-lab/raf-deploy/install/raf_interfaces/include/raf_interfaces/raf_interfaces/srv
-- Up-to-date: /home/mcrr-lab/raf-deploy/install/raf_interfaces/include/raf_interfaces/raf_interfaces/srv/detail
-- Up-to-date: /home/mcrr-lab/raf-deploy/install/raf_interfaces/include/raf_interfaces/raf_interfaces/srv/detail/identify_food__rosidl_typesupport_fastrtps_c.h
-- Up-to-date: /home/mcrr-lab/raf-deploy/install/raf_interfaces/include/raf_interfaces/raf_interfaces/msg
-- Up-to-date: /home/mcrr-lab/raf-deploy/install/raf_interfaces/include/raf_interfaces/raf_interfaces/msg/detail
-- Up-to-date: /home/mcrr-lab/raf-deploy/install/raf_interfaces/include/raf_interfaces/raf_interfaces/msg/detail/detected_food__rosidl_typesupport_fastrtps_c.h
-- Up-to-date: /home/mcrr-lab/raf-deploy/install/raf_interfaces/include/raf_interfaces/raf_interfaces/msg/rosidl_typesupport_fastrtps_c__visibility_control.h
-- Up-to-date: /home/mcrr-lab/raf-deploy/install/raf_interfaces/lib/libraf_interfaces__rosidl_typesupport_fastrtps_c.so
-- Up-to-date: /home/mcrr-lab/raf-deploy/install/raf_interfaces/include/raf_interfaces/raf_interfaces
-- Up-to-date: /home/mcrr-lab/raf-deploy/install/raf_interfaces/include/raf_interfaces/raf_interfaces/srv
-- Up-to-date: /home/mcrr-lab/raf-deploy/install/raf_interfaces/include/raf_interfaces/raf_interfaces/srv/detail
-- Up-to-date: /home/mcrr-lab/raf-deploy/install/raf_interfaces/include/raf_interfaces/raf_interfaces/srv/detail/identify_food__type_support.c
-- Up-to-date: /home/mcrr-lab/raf-deploy/install/raf_interfaces/include/raf_interfaces/raf_interfaces/srv/detail/identify_food__rosidl_typesupport_introspection_c.h
-- Up-to-date: /home/mcrr-lab/raf-deploy/install/raf_interfaces/include/raf_interfaces/raf_interfaces/msg
-- Up-to-date: /home/mcrr-lab/raf-deploy/install/raf_interfaces/include/raf_interfaces/raf_interfaces/msg/detail
-- Up-to-date: /home/mcrr-lab/raf-deploy/install/raf_interfaces/include/raf_interfaces/raf_interfaces/msg/detail/detected_food__type_support.c
-- Up-to-date: /home/mcrr-lab/raf-deploy/install/raf_interfaces/include/raf_interfaces/raf_interfaces/msg/detail/detected_food__rosidl_typesupport_introspection_c.h
-- Up-to-date: /home/mcrr-lab/raf-deploy/install/raf_interfaces/include/raf_interfaces/raf_interfaces/msg/rosidl_typesupport_introspection_c__visibility_control.h
-- Up-to-date: /home/mcrr-lab/raf-deploy/install/raf_interfaces/lib/libraf_interfaces__rosidl_typesupport_introspection_c.so
-- Up-to-date: /home/mcrr-lab/raf-deploy/install/raf_interfaces/lib/libraf_interfaces__rosidl_typesupport_c.so
-- Up-to-date: /home/mcrr-lab/raf-deploy/install/raf_interfaces/include/raf_interfaces/raf_interfaces
-- Up-to-date: /home/mcrr-lab/raf-deploy/install/raf_interfaces/include/raf_interfaces/raf_interfaces/srv
-- Up-to-date: /home/mcrr-lab/raf-deploy/install/raf_interfaces/include/raf_interfaces/raf_interfaces/srv/detail
-- Up-to-date: /home/mcrr-lab/raf-deploy/install/raf_interfaces/include/raf_interfaces/raf_interfaces/srv/detail/identify_food__builder.hpp
-- Up-to-date: /home/mcrr-lab/raf-deploy/install/raf_interfaces/include/raf_interfaces/raf_interfaces/srv/detail/identify_food__struct.hpp
-- Up-to-date: /home/mcrr-lab/raf-deploy/install/raf_interfaces/include/raf_interfaces/raf_interfaces/srv/detail/identify_food__type_support.hpp
-- Up-to-date: /home/mcrr-lab/raf-deploy/install/raf_interfaces/include/raf_interfaces/raf_interfaces/srv/detail/identify_food__traits.hpp
-- Up-to-date: /home/mcrr-lab/raf-deploy/install/raf_interfaces/include/raf_interfaces/raf_interfaces/srv/identify_food.hpp
-- Up-to-date: /home/mcrr-lab/raf-deploy/install/raf_interfaces/include/raf_interfaces/raf_interfaces/msg
-- Up-to-date: /home/mcrr-lab/raf-deploy/install/raf_interfaces/include/raf_interfaces/raf_interfaces/msg/detected_food.hpp
-- Up-to-date: /home/mcrr-lab/raf-deploy/install/raf_interfaces/include/raf_interfaces/raf_interfaces/msg/detail
-- Up-to-date: /home/mcrr-lab/raf-deploy/install/raf_interfaces/include/raf_interfaces/raf_interfaces/msg/detail/detected_food__builder.hpp
-- Up-to-date: /home/mcrr-lab/raf-deploy/install/raf_interfaces/include/raf_interfaces/raf_interfaces/msg/detail/detected_food__struct.hpp
-- Up-to-date: /home/mcrr-lab/raf-deploy/install/raf_interfaces/include/raf_interfaces/raf_interfaces/msg/detail/detected_food__type_support.hpp
-- Up-to-date: /home/mcrr-lab/raf-deploy/install/raf_interfaces/include/raf_interfaces/raf_interfaces/msg/detail/detected_food__traits.hpp
-- Up-to-date: /home/mcrr-lab/raf-deploy/install/raf_interfaces/include/raf_interfaces/raf_interfaces/msg/rosidl_generator_cpp__visibility_control.hpp
-- Up-to-date: /home/mcrr-lab/raf-deploy/install/raf_interfaces/include/raf_interfaces/raf_interfaces
-- Up-to-date: /home/mcrr-lab/raf-deploy/install/raf_interfaces/include/raf_interfaces/raf_interfaces/srv
-- Up-to-date: /home/mcrr-lab/raf-deploy/install/raf_interfaces/include/raf_interfaces/raf_interfaces/srv/detail
-- Up-to-date: /home/mcrr-lab/raf-deploy/install/raf_interfaces/include/raf_interfaces/raf_interfaces/srv/detail/identify_food__rosidl_typesupport_fastrtps_cpp.hpp
-- Up-to-date: /home/mcrr-lab/raf-deploy/install/raf_interfaces/include/raf_interfaces/raf_interfaces/srv/detail/dds_fastrtps
-- Up-to-date: /home/mcrr-lab/raf-deploy/install/raf_interfaces/include/raf_interfaces/raf_interfaces/msg
-- Up-to-date: /home/mcrr-lab/raf-deploy/install/raf_interfaces/include/raf_interfaces/raf_interfaces/msg/detail
-- Up-to-date: /home/mcrr-lab/raf-deploy/install/raf_interfaces/include/raf_interfaces/raf_interfaces/msg/detail/dds_fastrtps
-- Up-to-date: /home/mcrr-lab/raf-deploy/install/raf_interfaces/include/raf_interfaces/raf_interfaces/msg/detail/detected_food__rosidl_typesupport_fastrtps_cpp.hpp
-- Up-to-date: /home/mcrr-lab/raf-deploy/install/raf_interfaces/include/raf_interfaces/raf_interfaces/msg/rosidl_typesupport_fastrtps_cpp__visibility_control.h
-- Up-to-date: /home/mcrr-lab/raf-deploy/install/raf_interfaces/lib/libraf_interfaces__rosidl_typesupport_fastrtps_cpp.so
-- Up-to-date: /home/mcrr-lab/raf-deploy/install/raf_interfaces/include/raf_interfaces/raf_interfaces
-- Up-to-date: /home/mcrr-lab/raf-deploy/install/raf_interfaces/include/raf_interfaces/raf_interfaces/srv
-- Up-to-date: /home/mcrr-lab/raf-deploy/install/raf_interfaces/include/raf_interfaces/raf_interfaces/srv/detail
-- Up-to-date: /home/mcrr-lab/raf-deploy/install/raf_interfaces/include/raf_interfaces/raf_interfaces/srv/detail/identify_food__rosidl_typesupport_introspection_cpp.hpp
-- Up-to-date: /home/mcrr-lab/raf-deploy/install/raf_interfaces/include/raf_interfaces/raf_interfaces/srv/detail/identify_food__type_support.cpp
-- Up-to-date: /home/mcrr-lab/raf-deploy/install/raf_interfaces/include/raf_interfaces/raf_interfaces/msg
-- Up-to-date: /home/mcrr-lab/raf-deploy/install/raf_interfaces/include/raf_interfaces/raf_interfaces/msg/detail
-- Up-to-date: /home/mcrr-lab/raf-deploy/install/raf_interfaces/include/raf_interfaces/raf_interfaces/msg/detail/detected_food__type_support.cpp
-- Up-to-date: /home/mcrr-lab/raf-deploy/install/raf_interfaces/include/raf_interfaces/raf_interfaces/msg/detail/detected_food__rosidl_typesupport_introspection_cpp.hpp
-- Up-to-date: /home/mcrr-lab/raf-deploy/install/raf_interfaces/lib/libraf_interfaces__rosidl_typesupport_introspection_cpp.so
-- Up-to-date: /home/mcrr-lab/raf-deploy/install/raf_interfaces/lib/libraf_interfaces__rosidl_typesupport_cpp.so
-- Up-to-date: /home/mcrr-lab/raf-deploy/install/raf_interfaces/share/raf_interfaces/environment/pythonpath.sh
-- Up-to-date: /home/mcrr-lab/raf-deploy/install/raf_interfaces/share/raf_interfaces/environment/pythonpath.dsv
-- Up-to-date: /home/mcrr-lab/raf-deploy/install/raf_interfaces/lib/python3.12/site-packages/raf_interfaces-0.0.0-py3.12.egg-info
-- Installing: /home/mcrr-lab/raf-deploy/install/raf_interfaces/lib/python3.12/site-packages/raf_interfaces-0.0.0-py3.12.egg-info/dependency_links.txt
-- Installing: /home/mcrr-lab/raf-deploy/install/raf_interfaces/lib/python3.12/site-packages/raf_interfaces-0.0.0-py3.12.egg-info/top_level.txt
-- Installing: /home/mcrr-lab/raf-deploy/install/raf_interfaces/lib/python3.12/site-packages/raf_interfaces-0.0.0-py3.12.egg-info/PKG-INFO
-- Installing: /home/mcrr-lab/raf-deploy/install/raf_interfaces/lib/python3.12/site-packages/raf_interfaces-0.0.0-py3.12.egg-info/SOURCES.txt
-- Up-to-date: /home/mcrr-lab/raf-deploy/install/raf_interfaces/lib/python3.12/site-packages/raf_interfaces
-- Up-to-date: /home/mcrr-lab/raf-deploy/install/raf_interfaces/lib/python3.12/site-packages/raf_interfaces/raf_interfaces_s__rosidl_typesupport_fastrtps_c.so
-- Up-to-date: /home/mcrr-lab/raf-deploy/install/raf_interfaces/lib/python3.12/site-packages/raf_interfaces/__init__.py
-- Up-to-date: /home/mcrr-lab/raf-deploy/install/raf_interfaces/lib/python3.12/site-packages/raf_interfaces/srv
-- Up-to-date: /home/mcrr-lab/raf-deploy/install/raf_interfaces/lib/python3.12/site-packages/raf_interfaces/srv/__init__.py
-- Up-to-date: /home/mcrr-lab/raf-deploy/install/raf_interfaces/lib/python3.12/site-packages/raf_interfaces/srv/_identify_food.py
-- Up-to-date: /home/mcrr-lab/raf-deploy/install/raf_interfaces/lib/python3.12/site-packages/raf_interfaces/srv/_identify_food_s.c
-- Up-to-date: /home/mcrr-lab/raf-deploy/install/raf_interfaces/lib/python3.12/site-packages/raf_interfaces/_raf_interfaces_s.ep.rosidl_typesupport_fastrtps_c.c
-- Up-to-date: /home/mcrr-lab/raf-deploy/install/raf_interfaces/lib/python3.12/site-packages/raf_interfaces/raf_interfaces_s__rosidl_typesupport_c.so
-- Up-to-date: /home/mcrr-lab/raf-deploy/install/raf_interfaces/lib/python3.12/site-packages/raf_interfaces/msg
-- Up-to-date: /home/mcrr-lab/raf-deploy/install/raf_interfaces/lib/python3.12/site-packages/raf_interfaces/msg/__init__.py
-- Up-to-date: /home/mcrr-lab/raf-deploy/install/raf_interfaces/lib/python3.12/site-packages/raf_interfaces/msg/_detected_food_s.c
-- Up-to-date: /home/mcrr-lab/raf-deploy/install/raf_interfaces/lib/python3.12/site-packages/raf_interfaces/msg/_detected_food.py
-- Up-to-date: /home/mcrr-lab/raf-deploy/install/raf_interfaces/lib/python3.12/site-packages/raf_interfaces/_raf_interfaces_s.ep.rosidl_typesupport_introspection_c.c
-- Up-to-date: /home/mcrr-lab/raf-deploy/install/raf_interfaces/lib/python3.12/site-packages/raf_interfaces/raf_interfaces_s__rosidl_typesupport_introspection_c.so
-- Up-to-date: /home/mcrr-lab/raf-deploy/install/raf_interfaces/lib/python3.12/site-packages/raf_interfaces/_raf_interfaces_s.ep.rosidl_typesupport_c.c
Listing '/home/mcrr-lab/raf-deploy/install/raf_interfaces/lib/python3.12/site-packages/raf_interfaces'...
Listing '/home/mcrr-lab/raf-deploy/install/raf_interfaces/lib/python3.12/site-packages/raf_interfaces/msg'...
Listing '/home/mcrr-lab/raf-deploy/install/raf_interfaces/lib/python3.12/site-packages/raf_interfaces/srv'...
-- Up-to-date: /home/mcrr-lab/raf-deploy/install/raf_interfaces/lib/python3.12/site-packages/raf_interfaces/raf_interfaces_s__rosidl_typesupport_fastrtps_c.so
-- Up-to-date: /home/mcrr-lab/raf-deploy/install/raf_interfaces/lib/python3.12/site-packages/raf_interfaces/raf_interfaces_s__rosidl_typesupport_introspection_c.so
-- Up-to-date: /home/mcrr-lab/raf-deploy/install/raf_interfaces/lib/python3.12/site-packages/raf_interfaces/raf_interfaces_s__rosidl_typesupport_c.so
-- Up-to-date: /home/mcrr-lab/raf-deploy/install/raf_interfaces/lib/libraf_interfaces__rosidl_generator_py.so
-- Up-to-date: /home/mcrr-lab/raf-deploy/install/raf_interfaces/share/raf_interfaces/msg/DetectedFood.idl
-- Up-to-date: /home/mcrr-lab/raf-deploy/install/raf_interfaces/share/raf_interfaces/srv/IdentifyFood.idl
-- Up-to-date: /home/mcrr-lab/raf-deploy/install/raf_interfaces/share/raf_interfaces/msg/DetectedFood.msg
-- Up-to-date: /home/mcrr-lab/raf-deploy/install/raf_interfaces/share/raf_interfaces/srv/IdentifyFood.srv
-- Up-to-date: /home/mcrr-lab/raf-deploy/install/raf_interfaces/include
-- Up-to-date: /home/mcrr-lab/raf-deploy/install/raf_interfaces/include/ros2_interfaces
-- Up-to-date: /home/mcrr-lab/raf-deploy/install/raf_interfaces/share/ament_index/resource_index/package_run_dependencies/raf_interfaces
-- Up-to-date: /home/mcrr-lab/raf-deploy/install/raf_interfaces/share/ament_index/resource_index/parent_prefix_path/raf_interfaces
-- Up-to-date: /home/mcrr-lab/raf-deploy/install/raf_interfaces/share/raf_interfaces/environment/ament_prefix_path.sh
-- Up-to-date: /home/mcrr-lab/raf-deploy/install/raf_interfaces/share/raf_interfaces/environment/ament_prefix_path.dsv
-- Up-to-date: /home/mcrr-lab/raf-deploy/install/raf_interfaces/share/raf_interfaces/environment/path.sh
-- Up-to-date: /home/mcrr-lab/raf-deploy/install/raf_interfaces/share/raf_interfaces/environment/path.dsv
-- Up-to-date: /home/mcrr-lab/raf-deploy/install/raf_interfaces/share/raf_interfaces/local_setup.bash
-- Up-to-date: /home/mcrr-lab/raf-deploy/install/raf_interfaces/share/raf_interfaces/local_setup.sh
-- Up-to-date: /home/mcrr-lab/raf-deploy/install/raf_interfaces/share/raf_interfaces/local_setup.zsh
-- Up-to-date: /home/mcrr-lab/raf-deploy/install/raf_interfaces/share/raf_interfaces/local_setup.dsv
-- Installing: /home/mcrr-lab/raf-deploy/install/raf_interfaces/share/raf_interfaces/package.dsv
-- Up-to-date: /home/mcrr-lab/raf-deploy/install/raf_interfaces/share/ament_index/resource_index/packages/raf_interfaces
-- Up-to-date: /home/mcrr-lab/raf-deploy/install/raf_interfaces/share/raf_interfaces/cmake/export_raf_interfaces__rosidl_generator_cExport.cmake
-- Up-to-date: /home/mcrr-lab/raf-deploy/install/raf_interfaces/share/raf_interfaces/cmake/export_raf_interfaces__rosidl_generator_cExport-noconfig.cmake
-- Up-to-date: /home/mcrr-lab/raf-deploy/install/raf_interfaces/share/raf_interfaces/cmake/export_raf_interfaces__rosidl_typesupport_fastrtps_cExport.cmake
-- Up-to-date: /home/mcrr-lab/raf-deploy/install/raf_interfaces/share/raf_interfaces/cmake/export_raf_interfaces__rosidl_typesupport_fastrtps_cExport-noconfig.cmake
-- Up-to-date: /home/mcrr-lab/raf-deploy/install/raf_interfaces/share/raf_interfaces/cmake/raf_interfaces__rosidl_typesupport_introspection_cExport.cmake
-- Up-to-date: /home/mcrr-lab/raf-deploy/install/raf_interfaces/share/raf_interfaces/cmake/raf_interfaces__rosidl_typesupport_introspection_cExport-noconfig.cmake
-- Up-to-date: /home/mcrr-lab/raf-deploy/install/raf_interfaces/share/raf_interfaces/cmake/raf_interfaces__rosidl_typesupport_cExport.cmake
-- Up-to-date: /home/mcrr-lab/raf-deploy/install/raf_interfaces/share/raf_interfaces/cmake/raf_interfaces__rosidl_typesupport_cExport-noconfig.cmake
-- Up-to-date: /home/mcrr-lab/raf-deploy/install/raf_interfaces/share/raf_interfaces/cmake/export_raf_interfaces__rosidl_generator_cppExport.cmake
-- Up-to-date: /home/mcrr-lab/raf-deploy/install/raf_interfaces/share/raf_interfaces/cmake/export_raf_interfaces__rosidl_typesupport_fastrtps_cppExport.cmake
-- Up-to-date: /home/mcrr-lab/raf-deploy/install/raf_interfaces/share/raf_interfaces/cmake/export_raf_interfaces__rosidl_typesupport_fastrtps_cppExport-noconfig.cmake
-- Up-to-date: /home/mcrr-lab/raf-deploy/install/raf_interfaces/share/raf_interfaces/cmake/raf_interfaces__rosidl_typesupport_introspection_cppExport.cmake
-- Up-to-date: /home/mcrr-lab/raf-deploy/install/raf_interfaces/share/raf_interfaces/cmake/raf_interfaces__rosidl_typesupport_introspection_cppExport-noconfig.cmake
-- Up-to-date: /home/mcrr-lab/raf-deploy/install/raf_interfaces/share/raf_interfaces/cmake/raf_interfaces__rosidl_typesupport_cppExport.cmake
-- Up-to-date: /home/mcrr-lab/raf-deploy/install/raf_interfaces/share/raf_interfaces/cmake/raf_interfaces__rosidl_typesupport_cppExport-noconfig.cmake
-- Up-to-date: /home/mcrr-lab/raf-deploy/install/raf_interfaces/share/raf_interfaces/cmake/export_raf_interfaces__rosidl_generator_pyExport.cmake
-- Up-to-date: /home/mcrr-lab/raf-deploy/install/raf_interfaces/share/raf_interfaces/cmake/export_raf_interfaces__rosidl_generator_pyExport-noconfig.cmake
-- Up-to-date: /home/mcrr-lab/raf-deploy/install/raf_interfaces/share/raf_interfaces/cmake/rosidl_cmake-extras.cmake
-- Up-to-date: /home/mcrr-lab/raf-deploy/install/raf_interfaces/share/raf_interfaces/cmake/ament_cmake_export_dependencies-extras.cmake
-- Up-to-date: /home/mcrr-lab/raf-deploy/install/raf_interfaces/share/raf_interfaces/cmake/ament_cmake_export_include_directories-extras.cmake
-- Up-to-date: /home/mcrr-lab/raf-deploy/install/raf_interfaces/share/raf_interfaces/cmake/ament_cmake_export_libraries-extras.cmake
-- Up-to-date: /home/mcrr-lab/raf-deploy/install/raf_interfaces/share/raf_interfaces/cmake/ament_cmake_export_targets-extras.cmake
-- Up-to-date: /home/mcrr-lab/raf-deploy/install/raf_interfaces/share/raf_interfaces/cmake/rosidl_cmake_export_typesupport_targets-extras.cmake
-- Up-to-date: /home/mcrr-lab/raf-deploy/install/raf_interfaces/share/raf_interfaces/cmake/rosidl_cmake_export_typesupport_libraries-extras.cmake
-- Up-to-date: /home/mcrr-lab/raf-deploy/install/raf_interfaces/share/raf_interfaces/cmake/raf_interfacesConfig.cmake
-- Up-to-date: /home/mcrr-lab/raf-deploy/install/raf_interfaces/share/raf_interfaces/cmake/raf_interfacesConfig-version.cmake
-- Up-to-date: /home/mcrr-lab/raf-deploy/install/raf_interfaces/share/raf_interfaces/package.xml
