[0.183s] Invoking command in '/home/mcrr-lab/raf-deploy/build/raf_interfaces': CMAKE_PREFIX_PATH=${CMAKE_PREFIX_PATH}:/home/mcrr-lab/raf-deploy/install/perception:/opt/ros/jazzy DEBUGINFOD_URLS=https://debuginfod.ubuntu.com VIRTUAL_ENV_PROMPT=(deploy-env) /usr/bin/cmake --build /home/mcrr-lab/raf-deploy/build/raf_interfaces -- -j32 -l32
[0.232s] [  2%] Built target raf_interfaces__rosidl_generator_type_description
[0.241s] [  2%] Built target ament_cmake_python_copy_raf_interfaces
[0.250s] [  4%] Built target raf_interfaces__cpp
[0.254s] [ 22%] Built target raf_interfaces__rosidl_generator_c
[0.276s] [ 40%] Built target raf_interfaces__rosidl_typesupport_cpp
[0.276s] [ 40%] Built target raf_interfaces__rosidl_typesupport_c
[0.277s] [ 50%] Built target raf_interfaces__rosidl_typesupport_introspection_c
[0.277s] [ 59%] Built target raf_interfaces__rosidl_typesupport_fastrtps_c
[0.277s] [ 68%] Built target raf_interfaces__rosidl_typesupport_fastrtps_cpp
[0.278s] [ 77%] Built target raf_interfaces__rosidl_typesupport_introspection_cpp
[0.296s] [ 77%] Built target raf_interfaces
[0.315s] [ 79%] Built target raf_interfaces__py
[0.338s] [ 86%] Built target raf_interfaces__rosidl_generator_py
[0.357s] [ 90%] Built target raf_interfaces_s__rosidl_typesupport_introspection_c
[0.357s] [ 95%] Built target raf_interfaces_s__rosidl_typesupport_fastrtps_c
[0.358s] [100%] Built target raf_interfaces_s__rosidl_typesupport_c
[0.379s] running egg_info
[0.388s] writing raf_interfaces.egg-info/PKG-INFO
[0.388s] writing dependency_links to raf_interfaces.egg-info/dependency_links.txt
[0.388s] writing top-level names to raf_interfaces.egg-info/top_level.txt
[0.415s] reading manifest file 'raf_interfaces.egg-info/SOURCES.txt'
[0.415s] writing manifest file 'raf_interfaces.egg-info/SOURCES.txt'
[0.437s] [100%] Built target ament_cmake_python_build_raf_interfaces_egg
[0.446s] Invoked command in '/home/mcrr-lab/raf-deploy/build/raf_interfaces' returned '0': CMAKE_PREFIX_PATH=${CMAKE_PREFIX_PATH}:/home/mcrr-lab/raf-deploy/install/perception:/opt/ros/jazzy DEBUGINFOD_URLS=https://debuginfod.ubuntu.com VIRTUAL_ENV_PROMPT=(deploy-env) /usr/bin/cmake --build /home/mcrr-lab/raf-deploy/build/raf_interfaces -- -j32 -l32
[0.455s] Invoking command in '/home/mcrr-lab/raf-deploy/build/raf_interfaces': CMAKE_PREFIX_PATH=${CMAKE_PREFIX_PATH}:/home/mcrr-lab/raf-deploy/install/perception:/opt/ros/jazzy DEBUGINFOD_URLS=https://debuginfod.ubuntu.com VIRTUAL_ENV_PROMPT=(deploy-env) /usr/bin/cmake --install /home/mcrr-lab/raf-deploy/build/raf_interfaces
[0.464s] -- Install configuration: ""
[0.464s] -- Up-to-date: /home/mcrr-lab/raf-deploy/install/raf_interfaces/share/ament_index/resource_index/rosidl_interfaces/raf_interfaces
[0.464s] -- Up-to-date: /home/mcrr-lab/raf-deploy/install/raf_interfaces/share/raf_interfaces/msg/DetectedFood.json
[0.464s] -- Up-to-date: /home/mcrr-lab/raf-deploy/install/raf_interfaces/share/raf_interfaces/srv/IdentifyFood.json
[0.464s] -- Up-to-date: /home/mcrr-lab/raf-deploy/install/raf_interfaces/include/raf_interfaces/raf_interfaces
[0.465s] -- Up-to-date: /home/mcrr-lab/raf-deploy/install/raf_interfaces/include/raf_interfaces/raf_interfaces/srv
[0.465s] -- Up-to-date: /home/mcrr-lab/raf-deploy/install/raf_interfaces/include/raf_interfaces/raf_interfaces/srv/identify_food.h
[0.465s] -- Up-to-date: /home/mcrr-lab/raf-deploy/install/raf_interfaces/include/raf_interfaces/raf_interfaces/srv/detail
[0.465s] -- Up-to-date: /home/mcrr-lab/raf-deploy/install/raf_interfaces/include/raf_interfaces/raf_interfaces/srv/detail/identify_food__type_support.c
[0.465s] -- Up-to-date: /home/mcrr-lab/raf-deploy/install/raf_interfaces/include/raf_interfaces/raf_interfaces/srv/detail/identify_food__functions.c
[0.465s] -- Up-to-date: /home/mcrr-lab/raf-deploy/install/raf_interfaces/include/raf_interfaces/raf_interfaces/srv/detail/identify_food__type_support.h
[0.465s] -- Up-to-date: /home/mcrr-lab/raf-deploy/install/raf_interfaces/include/raf_interfaces/raf_interfaces/srv/detail/identify_food__struct.h
[0.465s] -- Up-to-date: /home/mcrr-lab/raf-deploy/install/raf_interfaces/include/raf_interfaces/raf_interfaces/srv/detail/identify_food__functions.h
[0.465s] -- Up-to-date: /home/mcrr-lab/raf-deploy/install/raf_interfaces/include/raf_interfaces/raf_interfaces/srv/detail/identify_food__description.c
[0.465s] -- Up-to-date: /home/mcrr-lab/raf-deploy/install/raf_interfaces/include/raf_interfaces/raf_interfaces/msg
[0.465s] -- Up-to-date: /home/mcrr-lab/raf-deploy/install/raf_interfaces/include/raf_interfaces/raf_interfaces/msg/detected_food.h
[0.465s] -- Up-to-date: /home/mcrr-lab/raf-deploy/install/raf_interfaces/include/raf_interfaces/raf_interfaces/msg/detail
[0.465s] -- Up-to-date: /home/mcrr-lab/raf-deploy/install/raf_interfaces/include/raf_interfaces/raf_interfaces/msg/detail/detected_food__description.c
[0.465s] -- Up-to-date: /home/mcrr-lab/raf-deploy/install/raf_interfaces/include/raf_interfaces/raf_interfaces/msg/detail/detected_food__type_support.c
[0.465s] -- Up-to-date: /home/mcrr-lab/raf-deploy/install/raf_interfaces/include/raf_interfaces/raf_interfaces/msg/detail/detected_food__type_support.h
[0.465s] -- Up-to-date: /home/mcrr-lab/raf-deploy/install/raf_interfaces/include/raf_interfaces/raf_interfaces/msg/detail/detected_food__struct.h
[0.465s] -- Up-to-date: /home/mcrr-lab/raf-deploy/install/raf_interfaces/include/raf_interfaces/raf_interfaces/msg/detail/detected_food__functions.h
[0.465s] -- Up-to-date: /home/mcrr-lab/raf-deploy/install/raf_interfaces/include/raf_interfaces/raf_interfaces/msg/detail/detected_food__functions.c
[0.465s] -- Up-to-date: /home/mcrr-lab/raf-deploy/install/raf_interfaces/include/raf_interfaces/raf_interfaces/msg/rosidl_generator_c__visibility_control.h
[0.465s] -- Up-to-date: /home/mcrr-lab/raf-deploy/install/raf_interfaces/share/raf_interfaces/environment/library_path.sh
[0.465s] -- Up-to-date: /home/mcrr-lab/raf-deploy/install/raf_interfaces/share/raf_interfaces/environment/library_path.dsv
[0.465s] -- Up-to-date: /home/mcrr-lab/raf-deploy/install/raf_interfaces/lib/libraf_interfaces__rosidl_generator_c.so
[0.465s] -- Up-to-date: /home/mcrr-lab/raf-deploy/install/raf_interfaces/include/raf_interfaces/raf_interfaces
[0.465s] -- Up-to-date: /home/mcrr-lab/raf-deploy/install/raf_interfaces/include/raf_interfaces/raf_interfaces/srv
[0.465s] -- Up-to-date: /home/mcrr-lab/raf-deploy/install/raf_interfaces/include/raf_interfaces/raf_interfaces/srv/detail
[0.465s] -- Up-to-date: /home/mcrr-lab/raf-deploy/install/raf_interfaces/include/raf_interfaces/raf_interfaces/srv/detail/identify_food__rosidl_typesupport_fastrtps_c.h
[0.466s] -- Up-to-date: /home/mcrr-lab/raf-deploy/install/raf_interfaces/include/raf_interfaces/raf_interfaces/msg
[0.466s] -- Up-to-date: /home/mcrr-lab/raf-deploy/install/raf_interfaces/include/raf_interfaces/raf_interfaces/msg/detail
[0.466s] -- Up-to-date: /home/mcrr-lab/raf-deploy/install/raf_interfaces/include/raf_interfaces/raf_interfaces/msg/detail/detected_food__rosidl_typesupport_fastrtps_c.h
[0.466s] -- Up-to-date: /home/mcrr-lab/raf-deploy/install/raf_interfaces/include/raf_interfaces/raf_interfaces/msg/rosidl_typesupport_fastrtps_c__visibility_control.h
[0.466s] -- Up-to-date: /home/mcrr-lab/raf-deploy/install/raf_interfaces/lib/libraf_interfaces__rosidl_typesupport_fastrtps_c.so
[0.466s] -- Up-to-date: /home/mcrr-lab/raf-deploy/install/raf_interfaces/include/raf_interfaces/raf_interfaces
[0.466s] -- Up-to-date: /home/mcrr-lab/raf-deploy/install/raf_interfaces/include/raf_interfaces/raf_interfaces/srv
[0.466s] -- Up-to-date: /home/mcrr-lab/raf-deploy/install/raf_interfaces/include/raf_interfaces/raf_interfaces/srv/detail
[0.466s] -- Up-to-date: /home/mcrr-lab/raf-deploy/install/raf_interfaces/include/raf_interfaces/raf_interfaces/srv/detail/identify_food__type_support.c
[0.466s] -- Up-to-date: /home/mcrr-lab/raf-deploy/install/raf_interfaces/include/raf_interfaces/raf_interfaces/srv/detail/identify_food__rosidl_typesupport_introspection_c.h
[0.466s] -- Up-to-date: /home/mcrr-lab/raf-deploy/install/raf_interfaces/include/raf_interfaces/raf_interfaces/msg
[0.466s] -- Up-to-date: /home/mcrr-lab/raf-deploy/install/raf_interfaces/include/raf_interfaces/raf_interfaces/msg/detail
[0.466s] -- Up-to-date: /home/mcrr-lab/raf-deploy/install/raf_interfaces/include/raf_interfaces/raf_interfaces/msg/detail/detected_food__type_support.c
[0.466s] -- Up-to-date: /home/mcrr-lab/raf-deploy/install/raf_interfaces/include/raf_interfaces/raf_interfaces/msg/detail/detected_food__rosidl_typesupport_introspection_c.h
[0.466s] -- Up-to-date: /home/mcrr-lab/raf-deploy/install/raf_interfaces/include/raf_interfaces/raf_interfaces/msg/rosidl_typesupport_introspection_c__visibility_control.h
[0.466s] -- Up-to-date: /home/mcrr-lab/raf-deploy/install/raf_interfaces/lib/libraf_interfaces__rosidl_typesupport_introspection_c.so
[0.466s] -- Up-to-date: /home/mcrr-lab/raf-deploy/install/raf_interfaces/lib/libraf_interfaces__rosidl_typesupport_c.so
[0.466s] -- Up-to-date: /home/mcrr-lab/raf-deploy/install/raf_interfaces/include/raf_interfaces/raf_interfaces
[0.466s] -- Up-to-date: /home/mcrr-lab/raf-deploy/install/raf_interfaces/include/raf_interfaces/raf_interfaces/srv
[0.466s] -- Up-to-date: /home/mcrr-lab/raf-deploy/install/raf_interfaces/include/raf_interfaces/raf_interfaces/srv/detail
[0.466s] -- Up-to-date: /home/mcrr-lab/raf-deploy/install/raf_interfaces/include/raf_interfaces/raf_interfaces/srv/detail/identify_food__builder.hpp
[0.466s] -- Up-to-date: /home/mcrr-lab/raf-deploy/install/raf_interfaces/include/raf_interfaces/raf_interfaces/srv/detail/identify_food__struct.hpp
[0.466s] -- Up-to-date: /home/mcrr-lab/raf-deploy/install/raf_interfaces/include/raf_interfaces/raf_interfaces/srv/detail/identify_food__type_support.hpp
[0.466s] -- Up-to-date: /home/mcrr-lab/raf-deploy/install/raf_interfaces/include/raf_interfaces/raf_interfaces/srv/detail/identify_food__traits.hpp
[0.466s] -- Up-to-date: /home/mcrr-lab/raf-deploy/install/raf_interfaces/include/raf_interfaces/raf_interfaces/srv/identify_food.hpp
[0.467s] -- Up-to-date: /home/mcrr-lab/raf-deploy/install/raf_interfaces/include/raf_interfaces/raf_interfaces/msg
[0.467s] -- Up-to-date: /home/mcrr-lab/raf-deploy/install/raf_interfaces/include/raf_interfaces/raf_interfaces/msg/detected_food.hpp
[0.467s] -- Up-to-date: /home/mcrr-lab/raf-deploy/install/raf_interfaces/include/raf_interfaces/raf_interfaces/msg/detail
[0.467s] -- Up-to-date: /home/mcrr-lab/raf-deploy/install/raf_interfaces/include/raf_interfaces/raf_interfaces/msg/detail/detected_food__builder.hpp
[0.467s] -- Up-to-date: /home/mcrr-lab/raf-deploy/install/raf_interfaces/include/raf_interfaces/raf_interfaces/msg/detail/detected_food__struct.hpp
[0.467s] -- Up-to-date: /home/mcrr-lab/raf-deploy/install/raf_interfaces/include/raf_interfaces/raf_interfaces/msg/detail/detected_food__type_support.hpp
[0.467s] -- Up-to-date: /home/mcrr-lab/raf-deploy/install/raf_interfaces/include/raf_interfaces/raf_interfaces/msg/detail/detected_food__traits.hpp
[0.467s] -- Up-to-date: /home/mcrr-lab/raf-deploy/install/raf_interfaces/include/raf_interfaces/raf_interfaces/msg/rosidl_generator_cpp__visibility_control.hpp
[0.467s] -- Up-to-date: /home/mcrr-lab/raf-deploy/install/raf_interfaces/include/raf_interfaces/raf_interfaces
[0.467s] -- Up-to-date: /home/mcrr-lab/raf-deploy/install/raf_interfaces/include/raf_interfaces/raf_interfaces/srv
[0.467s] -- Up-to-date: /home/mcrr-lab/raf-deploy/install/raf_interfaces/include/raf_interfaces/raf_interfaces/srv/detail
[0.467s] -- Up-to-date: /home/mcrr-lab/raf-deploy/install/raf_interfaces/include/raf_interfaces/raf_interfaces/srv/detail/identify_food__rosidl_typesupport_fastrtps_cpp.hpp
[0.467s] -- Up-to-date: /home/mcrr-lab/raf-deploy/install/raf_interfaces/include/raf_interfaces/raf_interfaces/srv/detail/dds_fastrtps
[0.467s] -- Up-to-date: /home/mcrr-lab/raf-deploy/install/raf_interfaces/include/raf_interfaces/raf_interfaces/msg
[0.467s] -- Up-to-date: /home/mcrr-lab/raf-deploy/install/raf_interfaces/include/raf_interfaces/raf_interfaces/msg/detail
[0.467s] -- Up-to-date: /home/mcrr-lab/raf-deploy/install/raf_interfaces/include/raf_interfaces/raf_interfaces/msg/detail/dds_fastrtps
[0.467s] -- Up-to-date: /home/mcrr-lab/raf-deploy/install/raf_interfaces/include/raf_interfaces/raf_interfaces/msg/detail/detected_food__rosidl_typesupport_fastrtps_cpp.hpp
[0.467s] -- Up-to-date: /home/mcrr-lab/raf-deploy/install/raf_interfaces/include/raf_interfaces/raf_interfaces/msg/rosidl_typesupport_fastrtps_cpp__visibility_control.h
[0.467s] -- Up-to-date: /home/mcrr-lab/raf-deploy/install/raf_interfaces/lib/libraf_interfaces__rosidl_typesupport_fastrtps_cpp.so
[0.467s] -- Up-to-date: /home/mcrr-lab/raf-deploy/install/raf_interfaces/include/raf_interfaces/raf_interfaces
[0.467s] -- Up-to-date: /home/mcrr-lab/raf-deploy/install/raf_interfaces/include/raf_interfaces/raf_interfaces/srv
[0.467s] -- Up-to-date: /home/mcrr-lab/raf-deploy/install/raf_interfaces/include/raf_interfaces/raf_interfaces/srv/detail
[0.467s] -- Up-to-date: /home/mcrr-lab/raf-deploy/install/raf_interfaces/include/raf_interfaces/raf_interfaces/srv/detail/identify_food__rosidl_typesupport_introspection_cpp.hpp
[0.467s] -- Up-to-date: /home/mcrr-lab/raf-deploy/install/raf_interfaces/include/raf_interfaces/raf_interfaces/srv/detail/identify_food__type_support.cpp
[0.467s] -- Up-to-date: /home/mcrr-lab/raf-deploy/install/raf_interfaces/include/raf_interfaces/raf_interfaces/msg
[0.467s] -- Up-to-date: /home/mcrr-lab/raf-deploy/install/raf_interfaces/include/raf_interfaces/raf_interfaces/msg/detail
[0.468s] -- Up-to-date: /home/mcrr-lab/raf-deploy/install/raf_interfaces/include/raf_interfaces/raf_interfaces/msg/detail/detected_food__type_support.cpp
[0.468s] -- Up-to-date: /home/mcrr-lab/raf-deploy/install/raf_interfaces/include/raf_interfaces/raf_interfaces/msg/detail/detected_food__rosidl_typesupport_introspection_cpp.hpp
[0.468s] -- Up-to-date: /home/mcrr-lab/raf-deploy/install/raf_interfaces/lib/libraf_interfaces__rosidl_typesupport_introspection_cpp.so
[0.468s] -- Up-to-date: /home/mcrr-lab/raf-deploy/install/raf_interfaces/lib/libraf_interfaces__rosidl_typesupport_cpp.so
[0.468s] -- Up-to-date: /home/mcrr-lab/raf-deploy/install/raf_interfaces/share/raf_interfaces/environment/pythonpath.sh
[0.468s] -- Up-to-date: /home/mcrr-lab/raf-deploy/install/raf_interfaces/share/raf_interfaces/environment/pythonpath.dsv
[0.468s] -- Up-to-date: /home/mcrr-lab/raf-deploy/install/raf_interfaces/lib/python3.12/site-packages/raf_interfaces-0.0.0-py3.12.egg-info
[0.468s] -- Installing: /home/mcrr-lab/raf-deploy/install/raf_interfaces/lib/python3.12/site-packages/raf_interfaces-0.0.0-py3.12.egg-info/dependency_links.txt
[0.468s] -- Installing: /home/mcrr-lab/raf-deploy/install/raf_interfaces/lib/python3.12/site-packages/raf_interfaces-0.0.0-py3.12.egg-info/top_level.txt
[0.468s] -- Installing: /home/mcrr-lab/raf-deploy/install/raf_interfaces/lib/python3.12/site-packages/raf_interfaces-0.0.0-py3.12.egg-info/PKG-INFO
[0.468s] -- Installing: /home/mcrr-lab/raf-deploy/install/raf_interfaces/lib/python3.12/site-packages/raf_interfaces-0.0.0-py3.12.egg-info/SOURCES.txt
[0.468s] -- Up-to-date: /home/mcrr-lab/raf-deploy/install/raf_interfaces/lib/python3.12/site-packages/raf_interfaces
[0.468s] -- Up-to-date: /home/mcrr-lab/raf-deploy/install/raf_interfaces/lib/python3.12/site-packages/raf_interfaces/raf_interfaces_s__rosidl_typesupport_fastrtps_c.so
[0.468s] -- Up-to-date: /home/mcrr-lab/raf-deploy/install/raf_interfaces/lib/python3.12/site-packages/raf_interfaces/__init__.py
[0.468s] -- Up-to-date: /home/mcrr-lab/raf-deploy/install/raf_interfaces/lib/python3.12/site-packages/raf_interfaces/srv
[0.468s] -- Up-to-date: /home/mcrr-lab/raf-deploy/install/raf_interfaces/lib/python3.12/site-packages/raf_interfaces/srv/__init__.py
[0.468s] -- Up-to-date: /home/mcrr-lab/raf-deploy/install/raf_interfaces/lib/python3.12/site-packages/raf_interfaces/srv/_identify_food.py
[0.468s] -- Up-to-date: /home/mcrr-lab/raf-deploy/install/raf_interfaces/lib/python3.12/site-packages/raf_interfaces/srv/_identify_food_s.c
[0.468s] -- Up-to-date: /home/mcrr-lab/raf-deploy/install/raf_interfaces/lib/python3.12/site-packages/raf_interfaces/_raf_interfaces_s.ep.rosidl_typesupport_fastrtps_c.c
[0.468s] -- Up-to-date: /home/mcrr-lab/raf-deploy/install/raf_interfaces/lib/python3.12/site-packages/raf_interfaces/raf_interfaces_s__rosidl_typesupport_c.so
[0.468s] -- Up-to-date: /home/mcrr-lab/raf-deploy/install/raf_interfaces/lib/python3.12/site-packages/raf_interfaces/msg
[0.468s] -- Up-to-date: /home/mcrr-lab/raf-deploy/install/raf_interfaces/lib/python3.12/site-packages/raf_interfaces/msg/__init__.py
[0.468s] -- Up-to-date: /home/mcrr-lab/raf-deploy/install/raf_interfaces/lib/python3.12/site-packages/raf_interfaces/msg/_detected_food_s.c
[0.468s] -- Up-to-date: /home/mcrr-lab/raf-deploy/install/raf_interfaces/lib/python3.12/site-packages/raf_interfaces/msg/_detected_food.py
[0.468s] -- Up-to-date: /home/mcrr-lab/raf-deploy/install/raf_interfaces/lib/python3.12/site-packages/raf_interfaces/_raf_interfaces_s.ep.rosidl_typesupport_introspection_c.c
[0.469s] -- Up-to-date: /home/mcrr-lab/raf-deploy/install/raf_interfaces/lib/python3.12/site-packages/raf_interfaces/raf_interfaces_s__rosidl_typesupport_introspection_c.so
[0.469s] -- Up-to-date: /home/mcrr-lab/raf-deploy/install/raf_interfaces/lib/python3.12/site-packages/raf_interfaces/_raf_interfaces_s.ep.rosidl_typesupport_c.c
[0.493s] Listing '/home/mcrr-lab/raf-deploy/install/raf_interfaces/lib/python3.12/site-packages/raf_interfaces'...
[0.493s] Listing '/home/mcrr-lab/raf-deploy/install/raf_interfaces/lib/python3.12/site-packages/raf_interfaces/msg'...
[0.493s] Listing '/home/mcrr-lab/raf-deploy/install/raf_interfaces/lib/python3.12/site-packages/raf_interfaces/srv'...
[0.497s] -- Up-to-date: /home/mcrr-lab/raf-deploy/install/raf_interfaces/lib/python3.12/site-packages/raf_interfaces/raf_interfaces_s__rosidl_typesupport_fastrtps_c.so
[0.497s] -- Up-to-date: /home/mcrr-lab/raf-deploy/install/raf_interfaces/lib/python3.12/site-packages/raf_interfaces/raf_interfaces_s__rosidl_typesupport_introspection_c.so
[0.498s] -- Up-to-date: /home/mcrr-lab/raf-deploy/install/raf_interfaces/lib/python3.12/site-packages/raf_interfaces/raf_interfaces_s__rosidl_typesupport_c.so
[0.498s] -- Up-to-date: /home/mcrr-lab/raf-deploy/install/raf_interfaces/lib/libraf_interfaces__rosidl_generator_py.so
[0.498s] -- Up-to-date: /home/mcrr-lab/raf-deploy/install/raf_interfaces/share/raf_interfaces/msg/DetectedFood.idl
[0.498s] -- Up-to-date: /home/mcrr-lab/raf-deploy/install/raf_interfaces/share/raf_interfaces/srv/IdentifyFood.idl
[0.498s] -- Up-to-date: /home/mcrr-lab/raf-deploy/install/raf_interfaces/share/raf_interfaces/msg/DetectedFood.msg
[0.498s] -- Up-to-date: /home/mcrr-lab/raf-deploy/install/raf_interfaces/share/raf_interfaces/srv/IdentifyFood.srv
[0.498s] -- Up-to-date: /home/mcrr-lab/raf-deploy/install/raf_interfaces/include
[0.498s] -- Up-to-date: /home/mcrr-lab/raf-deploy/install/raf_interfaces/include/ros2_interfaces
[0.498s] -- Up-to-date: /home/mcrr-lab/raf-deploy/install/raf_interfaces/share/ament_index/resource_index/package_run_dependencies/raf_interfaces
[0.498s] -- Up-to-date: /home/mcrr-lab/raf-deploy/install/raf_interfaces/share/ament_index/resource_index/parent_prefix_path/raf_interfaces
[0.498s] -- Up-to-date: /home/mcrr-lab/raf-deploy/install/raf_interfaces/share/raf_interfaces/environment/ament_prefix_path.sh
[0.498s] -- Up-to-date: /home/mcrr-lab/raf-deploy/install/raf_interfaces/share/raf_interfaces/environment/ament_prefix_path.dsv
[0.498s] -- Up-to-date: /home/mcrr-lab/raf-deploy/install/raf_interfaces/share/raf_interfaces/environment/path.sh
[0.498s] -- Up-to-date: /home/mcrr-lab/raf-deploy/install/raf_interfaces/share/raf_interfaces/environment/path.dsv
[0.498s] -- Up-to-date: /home/mcrr-lab/raf-deploy/install/raf_interfaces/share/raf_interfaces/local_setup.bash
[0.498s] -- Up-to-date: /home/mcrr-lab/raf-deploy/install/raf_interfaces/share/raf_interfaces/local_setup.sh
[0.498s] -- Up-to-date: /home/mcrr-lab/raf-deploy/install/raf_interfaces/share/raf_interfaces/local_setup.zsh
[0.498s] -- Up-to-date: /home/mcrr-lab/raf-deploy/install/raf_interfaces/share/raf_interfaces/local_setup.dsv
[0.499s] -- Installing: /home/mcrr-lab/raf-deploy/install/raf_interfaces/share/raf_interfaces/package.dsv
[0.499s] -- Up-to-date: /home/mcrr-lab/raf-deploy/install/raf_interfaces/share/ament_index/resource_index/packages/raf_interfaces
[0.499s] -- Up-to-date: /home/mcrr-lab/raf-deploy/install/raf_interfaces/share/raf_interfaces/cmake/export_raf_interfaces__rosidl_generator_cExport.cmake
[0.499s] -- Up-to-date: /home/mcrr-lab/raf-deploy/install/raf_interfaces/share/raf_interfaces/cmake/export_raf_interfaces__rosidl_generator_cExport-noconfig.cmake
[0.499s] -- Up-to-date: /home/mcrr-lab/raf-deploy/install/raf_interfaces/share/raf_interfaces/cmake/export_raf_interfaces__rosidl_typesupport_fastrtps_cExport.cmake
[0.499s] -- Up-to-date: /home/mcrr-lab/raf-deploy/install/raf_interfaces/share/raf_interfaces/cmake/export_raf_interfaces__rosidl_typesupport_fastrtps_cExport-noconfig.cmake
[0.499s] -- Up-to-date: /home/mcrr-lab/raf-deploy/install/raf_interfaces/share/raf_interfaces/cmake/raf_interfaces__rosidl_typesupport_introspection_cExport.cmake
[0.499s] -- Up-to-date: /home/mcrr-lab/raf-deploy/install/raf_interfaces/share/raf_interfaces/cmake/raf_interfaces__rosidl_typesupport_introspection_cExport-noconfig.cmake
[0.499s] -- Up-to-date: /home/mcrr-lab/raf-deploy/install/raf_interfaces/share/raf_interfaces/cmake/raf_interfaces__rosidl_typesupport_cExport.cmake
[0.499s] -- Up-to-date: /home/mcrr-lab/raf-deploy/install/raf_interfaces/share/raf_interfaces/cmake/raf_interfaces__rosidl_typesupport_cExport-noconfig.cmake
[0.499s] -- Up-to-date: /home/mcrr-lab/raf-deploy/install/raf_interfaces/share/raf_interfaces/cmake/export_raf_interfaces__rosidl_generator_cppExport.cmake
[0.499s] -- Up-to-date: /home/mcrr-lab/raf-deploy/install/raf_interfaces/share/raf_interfaces/cmake/export_raf_interfaces__rosidl_typesupport_fastrtps_cppExport.cmake
[0.499s] -- Up-to-date: /home/mcrr-lab/raf-deploy/install/raf_interfaces/share/raf_interfaces/cmake/export_raf_interfaces__rosidl_typesupport_fastrtps_cppExport-noconfig.cmake
[0.499s] -- Up-to-date: /home/mcrr-lab/raf-deploy/install/raf_interfaces/share/raf_interfaces/cmake/raf_interfaces__rosidl_typesupport_introspection_cppExport.cmake
[0.499s] -- Up-to-date: /home/mcrr-lab/raf-deploy/install/raf_interfaces/share/raf_interfaces/cmake/raf_interfaces__rosidl_typesupport_introspection_cppExport-noconfig.cmake
[0.499s] -- Up-to-date: /home/mcrr-lab/raf-deploy/install/raf_interfaces/share/raf_interfaces/cmake/raf_interfaces__rosidl_typesupport_cppExport.cmake
[0.499s] -- Up-to-date: /home/mcrr-lab/raf-deploy/install/raf_interfaces/share/raf_interfaces/cmake/raf_interfaces__rosidl_typesupport_cppExport-noconfig.cmake
[0.500s] -- Up-to-date: /home/mcrr-lab/raf-deploy/install/raf_interfaces/share/raf_interfaces/cmake/export_raf_interfaces__rosidl_generator_pyExport.cmake
[0.500s] -- Up-to-date: /home/mcrr-lab/raf-deploy/install/raf_interfaces/share/raf_interfaces/cmake/export_raf_interfaces__rosidl_generator_pyExport-noconfig.cmake
[0.500s] -- Up-to-date: /home/mcrr-lab/raf-deploy/install/raf_interfaces/share/raf_interfaces/cmake/rosidl_cmake-extras.cmake
[0.500s] -- Up-to-date: /home/mcrr-lab/raf-deploy/install/raf_interfaces/share/raf_interfaces/cmake/ament_cmake_export_dependencies-extras.cmake
[0.500s] -- Up-to-date: /home/mcrr-lab/raf-deploy/install/raf_interfaces/share/raf_interfaces/cmake/ament_cmake_export_include_directories-extras.cmake
[0.500s] -- Up-to-date: /home/mcrr-lab/raf-deploy/install/raf_interfaces/share/raf_interfaces/cmake/ament_cmake_export_libraries-extras.cmake
[0.500s] -- Up-to-date: /home/mcrr-lab/raf-deploy/install/raf_interfaces/share/raf_interfaces/cmake/ament_cmake_export_targets-extras.cmake
[0.500s] -- Up-to-date: /home/mcrr-lab/raf-deploy/install/raf_interfaces/share/raf_interfaces/cmake/rosidl_cmake_export_typesupport_targets-extras.cmake
[0.500s] -- Up-to-date: /home/mcrr-lab/raf-deploy/install/raf_interfaces/share/raf_interfaces/cmake/rosidl_cmake_export_typesupport_libraries-extras.cmake
[0.500s] -- Up-to-date: /home/mcrr-lab/raf-deploy/install/raf_interfaces/share/raf_interfaces/cmake/raf_interfacesConfig.cmake
[0.500s] -- Up-to-date: /home/mcrr-lab/raf-deploy/install/raf_interfaces/share/raf_interfaces/cmake/raf_interfacesConfig-version.cmake
[0.500s] -- Up-to-date: /home/mcrr-lab/raf-deploy/install/raf_interfaces/share/raf_interfaces/package.xml
[0.501s] Invoked command in '/home/mcrr-lab/raf-deploy/build/raf_interfaces' returned '0': CMAKE_PREFIX_PATH=${CMAKE_PREFIX_PATH}:/home/mcrr-lab/raf-deploy/install/perception:/opt/ros/jazzy DEBUGINFOD_URLS=https://debuginfod.ubuntu.com VIRTUAL_ENV_PROMPT=(deploy-env) /usr/bin/cmake --install /home/mcrr-lab/raf-deploy/build/raf_interfaces
