running egg_info
writing ../../build/perception/perception.egg-info/PKG-INFO
writing dependency_links to ../../build/perception/perception.egg-info/dependency_links.txt
writing entry points to ../../build/perception/perception.egg-info/entry_points.txt
writing requirements to ../../build/perception/perception.egg-info/requires.txt
writing top-level names to ../../build/perception/perception.egg-info/top_level.txt
reading manifest file '../../build/perception/perception.egg-info/SOURCES.txt'
writing manifest file '../../build/perception/perception.egg-info/SOURCES.txt'
running build
running build_py
copying perception/__init__.py -> /home/mcrr-lab/raf-deploy/build/perception/build/lib/perception
copying perception/perception_node.py -> /home/mcrr-lab/raf-deploy/build/perception/build/lib/perception
running install
running install_lib
copying /home/mcrr-lab/raf-deploy/build/perception/build/lib/perception/perception_node.py -> /home/mcrr-lab/raf-deploy/install/perception/lib/python3.12/site-packages/perception
byte-compiling /home/mcrr-lab/raf-deploy/install/perception/lib/python3.12/site-packages/perception/perception_node.py to perception_node.cpython-312.pyc
running install_data
copying resource/perception -> /home/mcrr-lab/raf-deploy/install/perception/share/ament_index/resource_index/packages
copying package.xml -> /home/mcrr-lab/raf-deploy/install/perception/share/perception
running install_egg_info
removing '/home/mcrr-lab/raf-deploy/install/perception/lib/python3.12/site-packages/perception-0.0.0-py3.12.egg-info' (and everything under it)
Copying ../../build/perception/perception.egg-info to /home/mcrr-lab/raf-deploy/install/perception/lib/python3.12/site-packages/perception-0.0.0-py3.12.egg-info
running install_scripts
Installing perception_node script to /home/mcrr-lab/raf-deploy/install/perception/lib/perception
writing list of installed files to '/home/mcrr-lab/raf-deploy/build/perception/install.log'
