[0.079s] DEBUG:colcon:Command line arguments: ['/usr/bin/colcon', 'build']
[0.079s] DEBUG:colcon:Parsed command line arguments: Namespace(log_base=None, log_level=None, verb_name='build', build_base='build', install_base='install', merge_install=False, symlink_install=False, test_result_base=None, continue_on_error=False, executor='parallel', parallel_workers=32, event_handlers=None, ignore_user_meta=False, metas=['./colcon.meta'], base_paths=['.'], packages_ignore=None, packages_ignore_regex=None, paths=None, packages_up_to=None, packages_up_to_regex=None, packages_above=None, packages_above_and_dependencies=None, packages_above_depth=None, packages_select_by_dep=None, packages_skip_by_dep=None, packages_skip_up_to=None, packages_select_build_failed=False, packages_skip_build_finished=False, packages_select_test_failures=False, packages_skip_test_passed=False, packages_select=None, packages_skip=None, packages_select_regex=None, packages_skip_regex=None, packages_start=None, packages_end=None, allow_overriding=[], cmake_args=None, cmake_target=None, cmake_target_skip_unavailable=False, cmake_clean_cache=False, cmake_clean_first=False, cmake_force_configure=False, ament_cmake_args=None, catkin_cmake_args=None, catkin_skip_building_tests=False, mixin_files=None, mixin=None, verb_parser=<colcon_mixin.mixin.mixin_argument.MixinArgumentDecorator object at 0x712c7dfc25d0>, verb_extension=<colcon_core.verb.build.BuildVerb object at 0x712c7e6d23f0>, main=<bound method BuildVerb.main of <colcon_core.verb.build.BuildVerb object at 0x712c7e6d23f0>>, mixin_verb=('build',))
[0.112s] Level 1:colcon.colcon_core.package_discovery:discover_packages(colcon_meta) check parameters
[0.112s] Level 1:colcon.colcon_core.package_discovery:discover_packages(recursive) check parameters
[0.112s] Level 1:colcon.colcon_core.package_discovery:discover_packages(ignore) check parameters
[0.112s] Level 1:colcon.colcon_core.package_discovery:discover_packages(path) check parameters
[0.112s] Level 1:colcon.colcon_core.package_discovery:discover_packages(colcon_meta) discover
[0.112s] Level 1:colcon.colcon_core.package_discovery:discover_packages(recursive) discover
[0.112s] INFO:colcon.colcon_core.package_discovery:Crawling recursively for packages in '/home/mcrr-lab/raf-deploy'
[0.112s] Level 1:colcon.colcon_core.package_identification:_identify(.) by extensions ['ignore', 'ignore_ament_install']
[0.112s] Level 1:colcon.colcon_core.package_identification:_identify(.) by extension 'ignore'
[0.112s] Level 1:colcon.colcon_core.package_identification:_identify(.) by extension 'ignore_ament_install'
[0.112s] Level 1:colcon.colcon_core.package_identification:_identify(.) by extensions ['colcon_pkg']
[0.112s] Level 1:colcon.colcon_core.package_identification:_identify(.) by extension 'colcon_pkg'
[0.112s] Level 1:colcon.colcon_core.package_identification:_identify(.) by extensions ['colcon_meta']
[0.112s] Level 1:colcon.colcon_core.package_identification:_identify(.) by extension 'colcon_meta'
[0.112s] Level 1:colcon.colcon_core.package_identification:_identify(.) by extensions ['ros']
[0.112s] Level 1:colcon.colcon_core.package_identification:_identify(.) by extension 'ros'
[0.130s] Level 1:colcon.colcon_core.package_identification:_identify(.) by extensions ['cmake', 'python']
[0.130s] Level 1:colcon.colcon_core.package_identification:_identify(.) by extension 'cmake'
[0.130s] Level 1:colcon.colcon_core.package_identification:_identify(.) by extension 'python'
[0.130s] Level 1:colcon.colcon_core.package_identification:_identify(.) by extensions ['python_setup_py']
[0.130s] Level 1:colcon.colcon_core.package_identification:_identify(.) by extension 'python_setup_py'
[0.130s] Level 1:colcon.colcon_core.package_identification:_identify(build) by extensions ['ignore', 'ignore_ament_install']
[0.130s] Level 1:colcon.colcon_core.package_identification:_identify(build) by extension 'ignore'
[0.130s] Level 1:colcon.colcon_core.package_identification:_identify(build) ignored
[0.130s] Level 1:colcon.colcon_core.package_identification:_identify(install) by extensions ['ignore', 'ignore_ament_install']
[0.130s] Level 1:colcon.colcon_core.package_identification:_identify(install) by extension 'ignore'
[0.130s] Level 1:colcon.colcon_core.package_identification:_identify(install) ignored
[0.130s] Level 1:colcon.colcon_core.package_identification:_identify(log) by extensions ['ignore', 'ignore_ament_install']
[0.130s] Level 1:colcon.colcon_core.package_identification:_identify(log) by extension 'ignore'
[0.130s] Level 1:colcon.colcon_core.package_identification:_identify(log) ignored
[0.130s] Level 1:colcon.colcon_core.package_identification:_identify(src) by extensions ['ignore', 'ignore_ament_install']
[0.130s] Level 1:colcon.colcon_core.package_identification:_identify(src) by extension 'ignore'
[0.130s] Level 1:colcon.colcon_core.package_identification:_identify(src) by extension 'ignore_ament_install'
[0.130s] Level 1:colcon.colcon_core.package_identification:_identify(src) by extensions ['colcon_pkg']
[0.130s] Level 1:colcon.colcon_core.package_identification:_identify(src) by extension 'colcon_pkg'
[0.130s] Level 1:colcon.colcon_core.package_identification:_identify(src) by extensions ['colcon_meta']
[0.130s] Level 1:colcon.colcon_core.package_identification:_identify(src) by extension 'colcon_meta'
[0.130s] Level 1:colcon.colcon_core.package_identification:_identify(src) by extensions ['ros']
[0.130s] Level 1:colcon.colcon_core.package_identification:_identify(src) by extension 'ros'
[0.130s] Level 1:colcon.colcon_core.package_identification:_identify(src) by extensions ['cmake', 'python']
[0.131s] Level 1:colcon.colcon_core.package_identification:_identify(src) by extension 'cmake'
[0.131s] Level 1:colcon.colcon_core.package_identification:_identify(src) by extension 'python'
[0.131s] Level 1:colcon.colcon_core.package_identification:_identify(src) by extensions ['python_setup_py']
[0.131s] Level 1:colcon.colcon_core.package_identification:_identify(src) by extension 'python_setup_py'
[0.131s] Level 1:colcon.colcon_core.package_identification:_identify(src/perception) by extensions ['ignore', 'ignore_ament_install']
[0.131s] Level 1:colcon.colcon_core.package_identification:_identify(src/perception) by extension 'ignore'
[0.131s] Level 1:colcon.colcon_core.package_identification:_identify(src/perception) by extension 'ignore_ament_install'
[0.131s] Level 1:colcon.colcon_core.package_identification:_identify(src/perception) by extensions ['colcon_pkg']
[0.131s] Level 1:colcon.colcon_core.package_identification:_identify(src/perception) by extension 'colcon_pkg'
[0.131s] Level 1:colcon.colcon_core.package_identification:_identify(src/perception) by extensions ['colcon_meta']
[0.131s] Level 1:colcon.colcon_core.package_identification:_identify(src/perception) by extension 'colcon_meta'
[0.131s] Level 1:colcon.colcon_core.package_identification:_identify(src/perception) by extensions ['ros']
[0.131s] Level 1:colcon.colcon_core.package_identification:_identify(src/perception) by extension 'ros'
[0.133s] DEBUG:colcon.colcon_core.package_identification:Package 'src/perception' with type 'ros.ament_python' and name 'perception'
[0.133s] Level 1:colcon.colcon_core.package_identification:_identify(src/raf_interfaces) by extensions ['ignore', 'ignore_ament_install']
[0.133s] Level 1:colcon.colcon_core.package_identification:_identify(src/raf_interfaces) by extension 'ignore'
[0.133s] Level 1:colcon.colcon_core.package_identification:_identify(src/raf_interfaces) by extension 'ignore_ament_install'
[0.133s] Level 1:colcon.colcon_core.package_identification:_identify(src/raf_interfaces) by extensions ['colcon_pkg']
[0.133s] Level 1:colcon.colcon_core.package_identification:_identify(src/raf_interfaces) by extension 'colcon_pkg'
[0.133s] Level 1:colcon.colcon_core.package_identification:_identify(src/raf_interfaces) by extensions ['colcon_meta']
[0.133s] Level 1:colcon.colcon_core.package_identification:_identify(src/raf_interfaces) by extension 'colcon_meta'
[0.133s] Level 1:colcon.colcon_core.package_identification:_identify(src/raf_interfaces) by extensions ['ros']
[0.133s] Level 1:colcon.colcon_core.package_identification:_identify(src/raf_interfaces) by extension 'ros'
[0.133s] DEBUG:colcon.colcon_core.package_identification:Package 'src/raf_interfaces' with type 'ros.ament_cmake' and name 'raf_interfaces'
[0.133s] Level 1:colcon.colcon_core.package_identification:_identify(src/raf_kinova_controller) by extensions ['ignore', 'ignore_ament_install']
[0.134s] Level 1:colcon.colcon_core.package_identification:_identify(src/raf_kinova_controller) by extension 'ignore'
[0.134s] Level 1:colcon.colcon_core.package_identification:_identify(src/raf_kinova_controller) by extension 'ignore_ament_install'
[0.134s] Level 1:colcon.colcon_core.package_identification:_identify(src/raf_kinova_controller) by extensions ['colcon_pkg']
[0.134s] Level 1:colcon.colcon_core.package_identification:_identify(src/raf_kinova_controller) by extension 'colcon_pkg'
[0.134s] Level 1:colcon.colcon_core.package_identification:_identify(src/raf_kinova_controller) by extensions ['colcon_meta']
[0.134s] Level 1:colcon.colcon_core.package_identification:_identify(src/raf_kinova_controller) by extension 'colcon_meta'
[0.134s] Level 1:colcon.colcon_core.package_identification:_identify(src/raf_kinova_controller) by extensions ['ros']
[0.134s] Level 1:colcon.colcon_core.package_identification:_identify(src/raf_kinova_controller) by extension 'ros'
[0.134s] DEBUG:colcon.colcon_core.package_identification:Package 'src/raf_kinova_controller' with type 'ros.ament_python' and name 'raf_kinova_controller'
[0.134s] Level 1:colcon.colcon_core.package_discovery:discover_packages(recursive) using defaults
[0.134s] Level 1:colcon.colcon_core.package_discovery:discover_packages(ignore) discover
[0.134s] Level 1:colcon.colcon_core.package_discovery:discover_packages(ignore) using defaults
[0.134s] Level 1:colcon.colcon_core.package_discovery:discover_packages(path) discover
[0.134s] Level 1:colcon.colcon_core.package_discovery:discover_packages(path) using defaults
[0.147s] Level 1:colcon.colcon_core.package_discovery:discover_packages(prefix_path) check parameters
[0.147s] Level 1:colcon.colcon_core.package_discovery:discover_packages(prefix_path) discover
[0.149s] DEBUG:colcon.colcon_installed_package_information.package_discovery:Found 389 installed packages in /opt/ros/jazzy
[0.150s] Level 1:colcon.colcon_core.package_discovery:discover_packages(prefix_path) using defaults
[0.181s] Level 5:colcon.colcon_core.verb:set package 'perception' build argument 'cmake_args' from command line to 'None'
[0.181s] Level 5:colcon.colcon_core.verb:set package 'perception' build argument 'cmake_target' from command line to 'None'
[0.181s] Level 5:colcon.colcon_core.verb:set package 'perception' build argument 'cmake_target_skip_unavailable' from command line to 'False'
[0.181s] Level 5:colcon.colcon_core.verb:set package 'perception' build argument 'cmake_clean_cache' from command line to 'False'
[0.181s] Level 5:colcon.colcon_core.verb:set package 'perception' build argument 'cmake_clean_first' from command line to 'False'
[0.181s] Level 5:colcon.colcon_core.verb:set package 'perception' build argument 'cmake_force_configure' from command line to 'False'
[0.181s] Level 5:colcon.colcon_core.verb:set package 'perception' build argument 'ament_cmake_args' from command line to 'None'
[0.181s] Level 5:colcon.colcon_core.verb:set package 'perception' build argument 'catkin_cmake_args' from command line to 'None'
[0.181s] Level 5:colcon.colcon_core.verb:set package 'perception' build argument 'catkin_skip_building_tests' from command line to 'False'
[0.181s] DEBUG:colcon.colcon_core.verb:Building package 'perception' with the following arguments: {'ament_cmake_args': None, 'build_base': '/home/mcrr-lab/raf-deploy/build/perception', 'catkin_cmake_args': None, 'catkin_skip_building_tests': False, 'cmake_args': None, 'cmake_clean_cache': False, 'cmake_clean_first': False, 'cmake_force_configure': False, 'cmake_target': None, 'cmake_target_skip_unavailable': False, 'install_base': '/home/mcrr-lab/raf-deploy/install/perception', 'merge_install': False, 'path': '/home/mcrr-lab/raf-deploy/src/perception', 'symlink_install': False, 'test_result_base': None}
[0.181s] Level 5:colcon.colcon_core.verb:set package 'raf_interfaces' build argument 'cmake_args' from command line to 'None'
[0.181s] Level 5:colcon.colcon_core.verb:set package 'raf_interfaces' build argument 'cmake_target' from command line to 'None'
[0.181s] Level 5:colcon.colcon_core.verb:set package 'raf_interfaces' build argument 'cmake_target_skip_unavailable' from command line to 'False'
[0.181s] Level 5:colcon.colcon_core.verb:set package 'raf_interfaces' build argument 'cmake_clean_cache' from command line to 'False'
[0.181s] Level 5:colcon.colcon_core.verb:set package 'raf_interfaces' build argument 'cmake_clean_first' from command line to 'False'
[0.181s] Level 5:colcon.colcon_core.verb:set package 'raf_interfaces' build argument 'cmake_force_configure' from command line to 'False'
[0.181s] Level 5:colcon.colcon_core.verb:set package 'raf_interfaces' build argument 'ament_cmake_args' from command line to 'None'
[0.181s] Level 5:colcon.colcon_core.verb:set package 'raf_interfaces' build argument 'catkin_cmake_args' from command line to 'None'
[0.181s] Level 5:colcon.colcon_core.verb:set package 'raf_interfaces' build argument 'catkin_skip_building_tests' from command line to 'False'
[0.181s] DEBUG:colcon.colcon_core.verb:Building package 'raf_interfaces' with the following arguments: {'ament_cmake_args': None, 'build_base': '/home/mcrr-lab/raf-deploy/build/raf_interfaces', 'catkin_cmake_args': None, 'catkin_skip_building_tests': False, 'cmake_args': None, 'cmake_clean_cache': False, 'cmake_clean_first': False, 'cmake_force_configure': False, 'cmake_target': None, 'cmake_target_skip_unavailable': False, 'install_base': '/home/mcrr-lab/raf-deploy/install/raf_interfaces', 'merge_install': False, 'path': '/home/mcrr-lab/raf-deploy/src/raf_interfaces', 'symlink_install': False, 'test_result_base': None}
[0.181s] Level 5:colcon.colcon_core.verb:set package 'raf_kinova_controller' build argument 'cmake_args' from command line to 'None'
[0.181s] Level 5:colcon.colcon_core.verb:set package 'raf_kinova_controller' build argument 'cmake_target' from command line to 'None'
[0.181s] Level 5:colcon.colcon_core.verb:set package 'raf_kinova_controller' build argument 'cmake_target_skip_unavailable' from command line to 'False'
[0.181s] Level 5:colcon.colcon_core.verb:set package 'raf_kinova_controller' build argument 'cmake_clean_cache' from command line to 'False'
[0.181s] Level 5:colcon.colcon_core.verb:set package 'raf_kinova_controller' build argument 'cmake_clean_first' from command line to 'False'
[0.181s] Level 5:colcon.colcon_core.verb:set package 'raf_kinova_controller' build argument 'cmake_force_configure' from command line to 'False'
[0.181s] Level 5:colcon.colcon_core.verb:set package 'raf_kinova_controller' build argument 'ament_cmake_args' from command line to 'None'
[0.181s] Level 5:colcon.colcon_core.verb:set package 'raf_kinova_controller' build argument 'catkin_cmake_args' from command line to 'None'
[0.181s] Level 5:colcon.colcon_core.verb:set package 'raf_kinova_controller' build argument 'catkin_skip_building_tests' from command line to 'False'
[0.182s] DEBUG:colcon.colcon_core.verb:Building package 'raf_kinova_controller' with the following arguments: {'ament_cmake_args': None, 'build_base': '/home/mcrr-lab/raf-deploy/build/raf_kinova_controller', 'catkin_cmake_args': None, 'catkin_skip_building_tests': False, 'cmake_args': None, 'cmake_clean_cache': False, 'cmake_clean_first': False, 'cmake_force_configure': False, 'cmake_target': None, 'cmake_target_skip_unavailable': False, 'install_base': '/home/mcrr-lab/raf-deploy/install/raf_kinova_controller', 'merge_install': False, 'path': '/home/mcrr-lab/raf-deploy/src/raf_kinova_controller', 'symlink_install': False, 'test_result_base': None}
[0.182s] INFO:colcon.colcon_core.executor:Executing jobs using 'parallel' executor
[0.182s] DEBUG:colcon.colcon_parallel_executor.executor.parallel:run_until_complete
[0.183s] INFO:colcon.colcon_ros.task.ament_python.build:Building ROS package in '/home/mcrr-lab/raf-deploy/src/perception' with build type 'ament_python'
[0.183s] Level 1:colcon.colcon_core.shell:create_environment_hook('perception', 'ament_prefix_path')
[0.184s] INFO:colcon.colcon_core.plugin_system:Skipping extension 'colcon_core.shell.bat': Not used on non-Windows systems
[0.184s] INFO:colcon.colcon_core.shell:Creating environment hook '/home/mcrr-lab/raf-deploy/install/perception/share/perception/hook/ament_prefix_path.ps1'
[0.185s] INFO:colcon.colcon_core.shell:Creating environment descriptor '/home/mcrr-lab/raf-deploy/install/perception/share/perception/hook/ament_prefix_path.dsv'
[0.185s] INFO:colcon.colcon_core.shell:Creating environment hook '/home/mcrr-lab/raf-deploy/install/perception/share/perception/hook/ament_prefix_path.sh'
[0.185s] INFO:colcon.colcon_core.shell:Skip shell extension 'powershell' for command environment: Not usable outside of PowerShell
[0.185s] DEBUG:colcon.colcon_core.shell:Skip shell extension 'dsv' for command environment
[0.188s] INFO:colcon.colcon_ros.task.ament_cmake.build:Building ROS package in '/home/mcrr-lab/raf-deploy/src/raf_interfaces' with build type 'ament_cmake'
[0.188s] INFO:colcon.colcon_cmake.task.cmake.build:Building CMake package in '/home/mcrr-lab/raf-deploy/src/raf_interfaces'
[0.188s] INFO:colcon.colcon_core.shell:Skip shell extension 'powershell' for command environment: Not usable outside of PowerShell
[0.188s] DEBUG:colcon.colcon_core.shell:Skip shell extension 'dsv' for command environment
[0.190s] INFO:colcon.colcon_ros.task.ament_python.build:Building ROS package in '/home/mcrr-lab/raf-deploy/src/raf_kinova_controller' with build type 'ament_python'
[0.190s] Level 1:colcon.colcon_core.shell:create_environment_hook('raf_kinova_controller', 'ament_prefix_path')
[0.190s] INFO:colcon.colcon_core.shell:Creating environment hook '/home/mcrr-lab/raf-deploy/install/raf_kinova_controller/share/raf_kinova_controller/hook/ament_prefix_path.ps1'
[0.190s] INFO:colcon.colcon_core.shell:Creating environment descriptor '/home/mcrr-lab/raf-deploy/install/raf_kinova_controller/share/raf_kinova_controller/hook/ament_prefix_path.dsv'
[0.190s] INFO:colcon.colcon_core.shell:Creating environment hook '/home/mcrr-lab/raf-deploy/install/raf_kinova_controller/share/raf_kinova_controller/hook/ament_prefix_path.sh'
[0.191s] INFO:colcon.colcon_core.shell:Skip shell extension 'powershell' for command environment: Not usable outside of PowerShell
[0.191s] DEBUG:colcon.colcon_core.shell:Skip shell extension 'dsv' for command environment
[0.353s] INFO:colcon.colcon_core.task.python.build:Building Python package in '/home/mcrr-lab/raf-deploy/src/perception'
[0.353s] INFO:colcon.colcon_core.shell:Skip shell extension 'powershell' for command environment: Not usable outside of PowerShell
[0.354s] DEBUG:colcon.colcon_core.shell:Skip shell extension 'dsv' for command environment
[0.358s] DEBUG:colcon.colcon_core.event_handler.log_command:Invoking command in '/home/mcrr-lab/raf-deploy/build/raf_interfaces': CMAKE_PREFIX_PATH=${CMAKE_PREFIX_PATH}:/opt/ros/jazzy DEBUGINFOD_URLS=https://debuginfod.ubuntu.com VIRTUAL_ENV_PROMPT=(deploy-env) /usr/bin/cmake --build /home/mcrr-lab/raf-deploy/build/raf_interfaces -- -j32 -l32
[0.523s] INFO:colcon.colcon_core.task.python.build:Building Python package in '/home/mcrr-lab/raf-deploy/src/raf_kinova_controller'
[0.523s] INFO:colcon.colcon_core.shell:Skip shell extension 'powershell' for command environment: Not usable outside of PowerShell
[0.523s] DEBUG:colcon.colcon_core.shell:Skip shell extension 'dsv' for command environment
[0.974s] DEBUG:colcon.colcon_core.event_handler.log_command:Invoking command in '/home/mcrr-lab/raf-deploy/src/raf_kinova_controller': DEBUGINFOD_URLS=https://debuginfod.ubuntu.com PYTHONPATH=/home/mcrr-lab/raf-deploy/build/raf_kinova_controller/prefix_override:/usr/lib/python3/dist-packages/colcon_core/task/python/colcon_distutils_commands:/home/mcrr-lab/raf-deploy/install/raf_kinova_controller/lib/python3.12/site-packages:${PYTHONPATH} VIRTUAL_ENV_PROMPT=(deploy-env) /usr/bin/python3 -W ignore:setup.py install is deprecated -W ignore:easy_install command is deprecated setup.py egg_info --egg-base ../../build/raf_kinova_controller build --build-base /home/mcrr-lab/raf-deploy/build/raf_kinova_controller/build install --record /home/mcrr-lab/raf-deploy/build/raf_kinova_controller/install.log --single-version-externally-managed install_data
[0.975s] DEBUG:colcon.colcon_core.event_handler.log_command:Invoking command in '/home/mcrr-lab/raf-deploy/src/perception': DEBUGINFOD_URLS=https://debuginfod.ubuntu.com PYTHONPATH=/home/mcrr-lab/raf-deploy/build/perception/prefix_override:/usr/lib/python3/dist-packages/colcon_core/task/python/colcon_distutils_commands:/home/mcrr-lab/raf-deploy/install/perception/lib/python3.12/site-packages:${PYTHONPATH} VIRTUAL_ENV_PROMPT=(deploy-env) /usr/bin/python3 -W ignore:setup.py install is deprecated -W ignore:easy_install command is deprecated setup.py egg_info --egg-base ../../build/perception build --build-base /home/mcrr-lab/raf-deploy/build/perception/build install --record /home/mcrr-lab/raf-deploy/build/perception/install.log --single-version-externally-managed install_data
[1.454s] DEBUG:colcon.colcon_core.event_handler.log_command:Invoked command in '/home/mcrr-lab/raf-deploy/src/raf_kinova_controller' returned '0': DEBUGINFOD_URLS=https://debuginfod.ubuntu.com PYTHONPATH=/home/mcrr-lab/raf-deploy/build/raf_kinova_controller/prefix_override:/usr/lib/python3/dist-packages/colcon_core/task/python/colcon_distutils_commands:/home/mcrr-lab/raf-deploy/install/raf_kinova_controller/lib/python3.12/site-packages:${PYTHONPATH} VIRTUAL_ENV_PROMPT=(deploy-env) /usr/bin/python3 -W ignore:setup.py install is deprecated -W ignore:easy_install command is deprecated setup.py egg_info --egg-base ../../build/raf_kinova_controller build --build-base /home/mcrr-lab/raf-deploy/build/raf_kinova_controller/build install --record /home/mcrr-lab/raf-deploy/build/raf_kinova_controller/install.log --single-version-externally-managed install_data
[1.456s] Level 1:colcon.colcon_core.environment:checking '/home/mcrr-lab/raf-deploy/install/raf_kinova_controller' for CMake module files
[1.456s] Level 1:colcon.colcon_core.environment:checking '/home/mcrr-lab/raf-deploy/install/raf_kinova_controller' for CMake config files
[1.456s] Level 1:colcon.colcon_core.environment:checking '/home/mcrr-lab/raf-deploy/install/raf_kinova_controller/lib'
[1.456s] Level 1:colcon.colcon_core.environment:checking '/home/mcrr-lab/raf-deploy/install/raf_kinova_controller/bin'
[1.456s] Level 1:colcon.colcon_core.environment:checking '/home/mcrr-lab/raf-deploy/install/raf_kinova_controller/lib/pkgconfig/raf_kinova_controller.pc'
[1.457s] Level 1:colcon.colcon_core.environment:checking '/home/mcrr-lab/raf-deploy/install/raf_kinova_controller/lib/python3.12/site-packages'
[1.457s] Level 1:colcon.colcon_core.shell:create_environment_hook('raf_kinova_controller', 'pythonpath')
[1.457s] INFO:colcon.colcon_core.shell:Creating environment hook '/home/mcrr-lab/raf-deploy/install/raf_kinova_controller/share/raf_kinova_controller/hook/pythonpath.ps1'
[1.457s] INFO:colcon.colcon_core.shell:Creating environment descriptor '/home/mcrr-lab/raf-deploy/install/raf_kinova_controller/share/raf_kinova_controller/hook/pythonpath.dsv'
[1.457s] INFO:colcon.colcon_core.shell:Creating environment hook '/home/mcrr-lab/raf-deploy/install/raf_kinova_controller/share/raf_kinova_controller/hook/pythonpath.sh'
[1.458s] Level 1:colcon.colcon_core.environment:checking '/home/mcrr-lab/raf-deploy/install/raf_kinova_controller/bin'
[1.458s] Level 1:colcon.colcon_core.environment:create_environment_scripts_only(raf_kinova_controller)
[1.458s] INFO:colcon.colcon_core.shell:Creating package script '/home/mcrr-lab/raf-deploy/install/raf_kinova_controller/share/raf_kinova_controller/package.ps1'
[1.458s] INFO:colcon.colcon_core.shell:Creating package descriptor '/home/mcrr-lab/raf-deploy/install/raf_kinova_controller/share/raf_kinova_controller/package.dsv'
[1.459s] INFO:colcon.colcon_core.shell:Creating package script '/home/mcrr-lab/raf-deploy/install/raf_kinova_controller/share/raf_kinova_controller/package.sh'
[1.459s] INFO:colcon.colcon_core.shell:Creating package script '/home/mcrr-lab/raf-deploy/install/raf_kinova_controller/share/raf_kinova_controller/package.bash'
[1.459s] INFO:colcon.colcon_core.shell:Creating package script '/home/mcrr-lab/raf-deploy/install/raf_kinova_controller/share/raf_kinova_controller/package.zsh'
[1.459s] Level 1:colcon.colcon_core.environment:create_file_with_runtime_dependencies(/home/mcrr-lab/raf-deploy/install/raf_kinova_controller/share/colcon-core/packages/raf_kinova_controller)
[1.461s] Level 1:colcon.colcon_core.environment:checking '/home/mcrr-lab/raf-deploy/install/perception' for CMake module files
[1.461s] DEBUG:colcon.colcon_core.event_handler.log_command:Invoked command in '/home/mcrr-lab/raf-deploy/src/perception' returned '0': DEBUGINFOD_URLS=https://debuginfod.ubuntu.com PYTHONPATH=/home/mcrr-lab/raf-deploy/build/perception/prefix_override:/usr/lib/python3/dist-packages/colcon_core/task/python/colcon_distutils_commands:/home/mcrr-lab/raf-deploy/install/perception/lib/python3.12/site-packages:${PYTHONPATH} VIRTUAL_ENV_PROMPT=(deploy-env) /usr/bin/python3 -W ignore:setup.py install is deprecated -W ignore:easy_install command is deprecated setup.py egg_info --egg-base ../../build/perception build --build-base /home/mcrr-lab/raf-deploy/build/perception/build install --record /home/mcrr-lab/raf-deploy/build/perception/install.log --single-version-externally-managed install_data
[1.462s] Level 1:colcon.colcon_core.environment:checking '/home/mcrr-lab/raf-deploy/install/perception' for CMake config files
[1.462s] Level 1:colcon.colcon_core.environment:checking '/home/mcrr-lab/raf-deploy/install/perception/lib'
[1.462s] Level 1:colcon.colcon_core.environment:checking '/home/mcrr-lab/raf-deploy/install/perception/bin'
[1.462s] Level 1:colcon.colcon_core.environment:checking '/home/mcrr-lab/raf-deploy/install/perception/lib/pkgconfig/perception.pc'
[1.463s] Level 1:colcon.colcon_core.environment:checking '/home/mcrr-lab/raf-deploy/install/perception/lib/python3.12/site-packages'
[1.463s] Level 1:colcon.colcon_core.shell:create_environment_hook('perception', 'pythonpath')
[1.463s] INFO:colcon.colcon_core.shell:Creating environment hook '/home/mcrr-lab/raf-deploy/install/perception/share/perception/hook/pythonpath.ps1'
[1.463s] INFO:colcon.colcon_core.shell:Creating environment descriptor '/home/mcrr-lab/raf-deploy/install/perception/share/perception/hook/pythonpath.dsv'
[1.463s] INFO:colcon.colcon_core.shell:Creating environment hook '/home/mcrr-lab/raf-deploy/install/perception/share/perception/hook/pythonpath.sh'
[1.464s] Level 1:colcon.colcon_core.environment:checking '/home/mcrr-lab/raf-deploy/install/perception/bin'
[1.464s] Level 1:colcon.colcon_core.environment:create_environment_scripts_only(perception)
[1.464s] INFO:colcon.colcon_core.shell:Creating package script '/home/mcrr-lab/raf-deploy/install/perception/share/perception/package.ps1'
[1.464s] INFO:colcon.colcon_core.shell:Creating package descriptor '/home/mcrr-lab/raf-deploy/install/perception/share/perception/package.dsv'
[1.464s] INFO:colcon.colcon_core.shell:Creating package script '/home/mcrr-lab/raf-deploy/install/perception/share/perception/package.sh'
[1.465s] INFO:colcon.colcon_core.shell:Creating package script '/home/mcrr-lab/raf-deploy/install/perception/share/perception/package.bash'
[1.465s] INFO:colcon.colcon_core.shell:Creating package script '/home/mcrr-lab/raf-deploy/install/perception/share/perception/package.zsh'
[1.465s] Level 1:colcon.colcon_core.environment:create_file_with_runtime_dependencies(/home/mcrr-lab/raf-deploy/install/perception/share/colcon-core/packages/perception)
[4.910s] DEBUG:colcon.colcon_core.event_handler.log_command:Invoked command in '/home/mcrr-lab/raf-deploy/build/raf_interfaces' returned '0': CMAKE_PREFIX_PATH=${CMAKE_PREFIX_PATH}:/opt/ros/jazzy DEBUGINFOD_URLS=https://debuginfod.ubuntu.com VIRTUAL_ENV_PROMPT=(deploy-env) /usr/bin/cmake --build /home/mcrr-lab/raf-deploy/build/raf_interfaces -- -j32 -l32
[4.920s] DEBUG:colcon.colcon_core.event_handler.log_command:Invoking command in '/home/mcrr-lab/raf-deploy/build/raf_interfaces': CMAKE_PREFIX_PATH=${CMAKE_PREFIX_PATH}:/opt/ros/jazzy DEBUGINFOD_URLS=https://debuginfod.ubuntu.com VIRTUAL_ENV_PROMPT=(deploy-env) /usr/bin/cmake --install /home/mcrr-lab/raf-deploy/build/raf_interfaces
[4.995s] Level 1:colcon.colcon_core.environment:create_environment_scripts_only(raf_interfaces)
[4.996s] Level 1:colcon.colcon_core.environment:checking '/home/mcrr-lab/raf-deploy/install/raf_interfaces' for CMake module files
[4.996s] DEBUG:colcon.colcon_core.event_handler.log_command:Invoked command in '/home/mcrr-lab/raf-deploy/build/raf_interfaces' returned '0': CMAKE_PREFIX_PATH=${CMAKE_PREFIX_PATH}:/opt/ros/jazzy DEBUGINFOD_URLS=https://debuginfod.ubuntu.com VIRTUAL_ENV_PROMPT=(deploy-env) /usr/bin/cmake --install /home/mcrr-lab/raf-deploy/build/raf_interfaces
[4.996s] Level 1:colcon.colcon_core.environment:checking '/home/mcrr-lab/raf-deploy/install/raf_interfaces' for CMake config files
[4.996s] Level 1:colcon.colcon_core.shell:create_environment_hook('raf_interfaces', 'cmake_prefix_path')
[4.996s] INFO:colcon.colcon_core.shell:Creating environment hook '/home/mcrr-lab/raf-deploy/install/raf_interfaces/share/raf_interfaces/hook/cmake_prefix_path.ps1'
[4.997s] INFO:colcon.colcon_core.shell:Creating environment descriptor '/home/mcrr-lab/raf-deploy/install/raf_interfaces/share/raf_interfaces/hook/cmake_prefix_path.dsv'
[4.997s] INFO:colcon.colcon_core.shell:Creating environment hook '/home/mcrr-lab/raf-deploy/install/raf_interfaces/share/raf_interfaces/hook/cmake_prefix_path.sh'
[4.997s] Level 1:colcon.colcon_core.environment:checking '/home/mcrr-lab/raf-deploy/install/raf_interfaces/lib'
[4.997s] Level 1:colcon.colcon_core.shell:create_environment_hook('raf_interfaces', 'ld_library_path_lib')
[4.997s] INFO:colcon.colcon_core.shell:Creating environment hook '/home/mcrr-lab/raf-deploy/install/raf_interfaces/share/raf_interfaces/hook/ld_library_path_lib.ps1'
[4.998s] INFO:colcon.colcon_core.shell:Creating environment descriptor '/home/mcrr-lab/raf-deploy/install/raf_interfaces/share/raf_interfaces/hook/ld_library_path_lib.dsv'
[4.998s] INFO:colcon.colcon_core.shell:Creating environment hook '/home/mcrr-lab/raf-deploy/install/raf_interfaces/share/raf_interfaces/hook/ld_library_path_lib.sh'
[4.998s] Level 1:colcon.colcon_core.environment:checking '/home/mcrr-lab/raf-deploy/install/raf_interfaces/bin'
[4.998s] Level 1:colcon.colcon_core.environment:checking '/home/mcrr-lab/raf-deploy/install/raf_interfaces/lib/pkgconfig/raf_interfaces.pc'
[4.998s] Level 1:colcon.colcon_core.environment:checking '/home/mcrr-lab/raf-deploy/install/raf_interfaces/lib/python3.12/site-packages'
[4.998s] Level 1:colcon.colcon_core.shell:create_environment_hook('raf_interfaces', 'pythonpath')
[4.998s] INFO:colcon.colcon_core.shell:Creating environment hook '/home/mcrr-lab/raf-deploy/install/raf_interfaces/share/raf_interfaces/hook/pythonpath.ps1'
[4.999s] INFO:colcon.colcon_core.shell:Creating environment descriptor '/home/mcrr-lab/raf-deploy/install/raf_interfaces/share/raf_interfaces/hook/pythonpath.dsv'
[4.999s] INFO:colcon.colcon_core.shell:Creating environment hook '/home/mcrr-lab/raf-deploy/install/raf_interfaces/share/raf_interfaces/hook/pythonpath.sh'
[4.999s] Level 1:colcon.colcon_core.environment:checking '/home/mcrr-lab/raf-deploy/install/raf_interfaces/bin'
[4.999s] INFO:colcon.colcon_core.shell:Creating package script '/home/mcrr-lab/raf-deploy/install/raf_interfaces/share/raf_interfaces/package.ps1'
[4.999s] INFO:colcon.colcon_core.shell:Creating package descriptor '/home/mcrr-lab/raf-deploy/install/raf_interfaces/share/raf_interfaces/package.dsv'
[5.000s] INFO:colcon.colcon_core.shell:Creating package script '/home/mcrr-lab/raf-deploy/install/raf_interfaces/share/raf_interfaces/package.sh'
[5.000s] INFO:colcon.colcon_core.shell:Creating package script '/home/mcrr-lab/raf-deploy/install/raf_interfaces/share/raf_interfaces/package.bash'
[5.000s] INFO:colcon.colcon_core.shell:Creating package script '/home/mcrr-lab/raf-deploy/install/raf_interfaces/share/raf_interfaces/package.zsh'
[5.000s] Level 1:colcon.colcon_core.environment:create_file_with_runtime_dependencies(/home/mcrr-lab/raf-deploy/install/raf_interfaces/share/colcon-core/packages/raf_interfaces)
[5.001s] Level 1:colcon.colcon_core.environment:create_environment_scripts_only(raf_interfaces)
[5.001s] Level 1:colcon.colcon_core.environment:checking '/home/mcrr-lab/raf-deploy/install/raf_interfaces' for CMake module files
[5.001s] Level 1:colcon.colcon_core.environment:checking '/home/mcrr-lab/raf-deploy/install/raf_interfaces' for CMake config files
[5.001s] Level 1:colcon.colcon_core.shell:create_environment_hook('raf_interfaces', 'cmake_prefix_path')
[5.001s] INFO:colcon.colcon_core.shell:Creating environment hook '/home/mcrr-lab/raf-deploy/install/raf_interfaces/share/raf_interfaces/hook/cmake_prefix_path.ps1'
[5.002s] INFO:colcon.colcon_core.shell:Creating environment descriptor '/home/mcrr-lab/raf-deploy/install/raf_interfaces/share/raf_interfaces/hook/cmake_prefix_path.dsv'
[5.002s] INFO:colcon.colcon_core.shell:Creating environment hook '/home/mcrr-lab/raf-deploy/install/raf_interfaces/share/raf_interfaces/hook/cmake_prefix_path.sh'
[5.002s] Level 1:colcon.colcon_core.environment:checking '/home/mcrr-lab/raf-deploy/install/raf_interfaces/lib'
[5.002s] Level 1:colcon.colcon_core.shell:create_environment_hook('raf_interfaces', 'ld_library_path_lib')
[5.002s] INFO:colcon.colcon_core.shell:Creating environment hook '/home/mcrr-lab/raf-deploy/install/raf_interfaces/share/raf_interfaces/hook/ld_library_path_lib.ps1'
[5.002s] INFO:colcon.colcon_core.shell:Creating environment descriptor '/home/mcrr-lab/raf-deploy/install/raf_interfaces/share/raf_interfaces/hook/ld_library_path_lib.dsv'
[5.003s] INFO:colcon.colcon_core.shell:Creating environment hook '/home/mcrr-lab/raf-deploy/install/raf_interfaces/share/raf_interfaces/hook/ld_library_path_lib.sh'
[5.003s] Level 1:colcon.colcon_core.environment:checking '/home/mcrr-lab/raf-deploy/install/raf_interfaces/bin'
[5.003s] Level 1:colcon.colcon_core.environment:checking '/home/mcrr-lab/raf-deploy/install/raf_interfaces/lib/pkgconfig/raf_interfaces.pc'
[5.003s] Level 1:colcon.colcon_core.environment:checking '/home/mcrr-lab/raf-deploy/install/raf_interfaces/lib/python3.12/site-packages'
[5.003s] Level 1:colcon.colcon_core.shell:create_environment_hook('raf_interfaces', 'pythonpath')
[5.003s] INFO:colcon.colcon_core.shell:Creating environment hook '/home/mcrr-lab/raf-deploy/install/raf_interfaces/share/raf_interfaces/hook/pythonpath.ps1'
[5.003s] INFO:colcon.colcon_core.shell:Creating environment descriptor '/home/mcrr-lab/raf-deploy/install/raf_interfaces/share/raf_interfaces/hook/pythonpath.dsv'
[5.003s] INFO:colcon.colcon_core.shell:Creating environment hook '/home/mcrr-lab/raf-deploy/install/raf_interfaces/share/raf_interfaces/hook/pythonpath.sh'
[5.004s] Level 1:colcon.colcon_core.environment:checking '/home/mcrr-lab/raf-deploy/install/raf_interfaces/bin'
[5.004s] INFO:colcon.colcon_core.shell:Creating package script '/home/mcrr-lab/raf-deploy/install/raf_interfaces/share/raf_interfaces/package.ps1'
[5.004s] INFO:colcon.colcon_core.shell:Creating package descriptor '/home/mcrr-lab/raf-deploy/install/raf_interfaces/share/raf_interfaces/package.dsv'
[5.004s] INFO:colcon.colcon_core.shell:Creating package script '/home/mcrr-lab/raf-deploy/install/raf_interfaces/share/raf_interfaces/package.sh'
[5.005s] INFO:colcon.colcon_core.shell:Creating package script '/home/mcrr-lab/raf-deploy/install/raf_interfaces/share/raf_interfaces/package.bash'
[5.005s] INFO:colcon.colcon_core.shell:Creating package script '/home/mcrr-lab/raf-deploy/install/raf_interfaces/share/raf_interfaces/package.zsh'
[5.005s] Level 1:colcon.colcon_core.environment:create_file_with_runtime_dependencies(/home/mcrr-lab/raf-deploy/install/raf_interfaces/share/colcon-core/packages/raf_interfaces)
[5.005s] DEBUG:colcon.colcon_parallel_executor.executor.parallel:closing loop
[5.005s] DEBUG:colcon.colcon_parallel_executor.executor.parallel:loop closed
[5.005s] DEBUG:colcon.colcon_parallel_executor.executor.parallel:run_until_complete finished with '0'
[5.005s] DEBUG:colcon.colcon_core.event_reactor:joining thread
[5.009s] INFO:colcon.colcon_core.plugin_system:Skipping extension 'colcon_notification.desktop_notification.terminal_notifier': Not used on non-Darwin systems
[5.009s] INFO:colcon.colcon_core.plugin_system:Skipping extension 'colcon_notification.desktop_notification.win32': Not used on non-Windows systems
[5.009s] INFO:colcon.colcon_notification.desktop_notification:Sending desktop notification using 'notify2'
[5.026s] DEBUG:colcon.colcon_core.event_reactor:joined thread
[5.026s] INFO:colcon.colcon_core.shell:Creating prefix script '/home/mcrr-lab/raf-deploy/install/local_setup.ps1'
[5.027s] INFO:colcon.colcon_core.shell:Creating prefix util module '/home/mcrr-lab/raf-deploy/install/_local_setup_util_ps1.py'
[5.028s] INFO:colcon.colcon_core.shell:Creating prefix chain script '/home/mcrr-lab/raf-deploy/install/setup.ps1'
[5.029s] INFO:colcon.colcon_core.shell:Creating prefix script '/home/mcrr-lab/raf-deploy/install/local_setup.sh'
[5.030s] INFO:colcon.colcon_core.shell:Creating prefix util module '/home/mcrr-lab/raf-deploy/install/_local_setup_util_sh.py'
[5.030s] INFO:colcon.colcon_core.shell:Creating prefix chain script '/home/mcrr-lab/raf-deploy/install/setup.sh'
[5.031s] INFO:colcon.colcon_core.shell:Creating prefix script '/home/mcrr-lab/raf-deploy/install/local_setup.bash'
[5.031s] INFO:colcon.colcon_core.shell:Creating prefix chain script '/home/mcrr-lab/raf-deploy/install/setup.bash'
[5.033s] INFO:colcon.colcon_core.shell:Creating prefix script '/home/mcrr-lab/raf-deploy/install/local_setup.zsh'
[5.033s] INFO:colcon.colcon_core.shell:Creating prefix chain script '/home/mcrr-lab/raf-deploy/install/setup.zsh'
