[0.783s] Invoking command in '/home/mcrr-lab/raf-deploy/src/raf_kinova_controller': DEBUGINFOD_URLS=https://debuginfod.ubuntu.com PYTHONPATH=/home/mcrr-lab/raf-deploy/build/raf_kinova_controller/prefix_override:/usr/lib/python3/dist-packages/colcon_core/task/python/colcon_distutils_commands:/home/mcrr-lab/raf-deploy/install/raf_kinova_controller/lib/python3.12/site-packages:${PYTHONPATH} VIRTUAL_ENV_PROMPT=(deploy-env) /usr/bin/python3 -W ignore:setup.py install is deprecated -W ignore:easy_install command is deprecated setup.py egg_info --egg-base ../../build/raf_kinova_controller build --build-base /home/mcrr-lab/raf-deploy/build/raf_kinova_controller/build install --record /home/mcrr-lab/raf-deploy/build/raf_kinova_controller/install.log --single-version-externally-managed install_data
[0.991s] running egg_info
[0.991s] creating ../../build/raf_kinova_controller/raf_kinova_controller.egg-info
[1.007s] writing ../../build/raf_kinova_controller/raf_kinova_controller.egg-info/PKG-INFO
[1.007s] writing dependency_links to ../../build/raf_kinova_controller/raf_kinova_controller.egg-info/dependency_links.txt
[1.007s] writing entry points to ../../build/raf_kinova_controller/raf_kinova_controller.egg-info/entry_points.txt
[1.007s] writing requirements to ../../build/raf_kinova_controller/raf_kinova_controller.egg-info/requires.txt
[1.007s] writing top-level names to ../../build/raf_kinova_controller/raf_kinova_controller.egg-info/top_level.txt
[1.007s] writing manifest file '../../build/raf_kinova_controller/raf_kinova_controller.egg-info/SOURCES.txt'
[1.041s] reading manifest file '../../build/raf_kinova_controller/raf_kinova_controller.egg-info/SOURCES.txt'
[1.041s] writing manifest file '../../build/raf_kinova_controller/raf_kinova_controller.egg-info/SOURCES.txt'
[1.041s] running build
[1.041s] running build_py
[1.041s] creating /home/mcrr-lab/raf-deploy/build/raf_kinova_controller/build
[1.042s] creating /home/mcrr-lab/raf-deploy/build/raf_kinova_controller/build/lib
[1.042s] creating /home/mcrr-lab/raf-deploy/build/raf_kinova_controller/build/lib/raf_kinova_controller
[1.042s] copying raf_kinova_controller/__init__.py -> /home/mcrr-lab/raf-deploy/build/raf_kinova_controller/build/lib/raf_kinova_controller
[1.042s] copying raf_kinova_controller/kortex_api_utils.py -> /home/mcrr-lab/raf-deploy/build/raf_kinova_controller/build/lib/raf_kinova_controller
[1.042s] copying raf_kinova_controller/kinova_controller_node.py -> /home/mcrr-lab/raf-deploy/build/raf_kinova_controller/build/lib/raf_kinova_controller
[1.042s] running install
[1.046s] running install_lib
[1.062s] creating /home/mcrr-lab/raf-deploy/install/raf_kinova_controller/lib/python3.12/site-packages/raf_kinova_controller
[1.062s] copying /home/mcrr-lab/raf-deploy/build/raf_kinova_controller/build/lib/raf_kinova_controller/__init__.py -> /home/mcrr-lab/raf-deploy/install/raf_kinova_controller/lib/python3.12/site-packages/raf_kinova_controller
[1.062s] copying /home/mcrr-lab/raf-deploy/build/raf_kinova_controller/build/lib/raf_kinova_controller/kortex_api_utils.py -> /home/mcrr-lab/raf-deploy/install/raf_kinova_controller/lib/python3.12/site-packages/raf_kinova_controller
[1.063s] copying /home/mcrr-lab/raf-deploy/build/raf_kinova_controller/build/lib/raf_kinova_controller/kinova_controller_node.py -> /home/mcrr-lab/raf-deploy/install/raf_kinova_controller/lib/python3.12/site-packages/raf_kinova_controller
[1.063s] byte-compiling /home/mcrr-lab/raf-deploy/install/raf_kinova_controller/lib/python3.12/site-packages/raf_kinova_controller/__init__.py to __init__.cpython-312.pyc
[1.063s] byte-compiling /home/mcrr-lab/raf-deploy/install/raf_kinova_controller/lib/python3.12/site-packages/raf_kinova_controller/kortex_api_utils.py to kortex_api_utils.cpython-312.pyc
[1.064s] byte-compiling /home/mcrr-lab/raf-deploy/install/raf_kinova_controller/lib/python3.12/site-packages/raf_kinova_controller/kinova_controller_node.py to kinova_controller_node.cpython-312.pyc
[1.066s] running install_data
[1.066s] creating /home/mcrr-lab/raf-deploy/install/raf_kinova_controller/share/ament_index
[1.066s] creating /home/mcrr-lab/raf-deploy/install/raf_kinova_controller/share/ament_index/resource_index
[1.066s] creating /home/mcrr-lab/raf-deploy/install/raf_kinova_controller/share/ament_index/resource_index/packages
[1.066s] copying resource/raf_kinova_controller -> /home/mcrr-lab/raf-deploy/install/raf_kinova_controller/share/ament_index/resource_index/packages
[1.066s] copying package.xml -> /home/mcrr-lab/raf-deploy/install/raf_kinova_controller/share/raf_kinova_controller
[1.066s] creating /home/mcrr-lab/raf-deploy/install/raf_kinova_controller/share/raf_kinova_controller/launch
[1.066s] copying launch/controller.launch.py -> /home/mcrr-lab/raf-deploy/install/raf_kinova_controller/share/raf_kinova_controller/launch
[1.066s] running install_egg_info
[1.083s] Copying ../../build/raf_kinova_controller/raf_kinova_controller.egg-info to /home/mcrr-lab/raf-deploy/install/raf_kinova_controller/lib/python3.12/site-packages/raf_kinova_controller-0.1.0-py3.12.egg-info
[1.083s] running install_scripts
[1.245s] Installing kinova_controller script to /home/mcrr-lab/raf-deploy/install/raf_kinova_controller/lib/raf_kinova_controller
[1.245s] writing list of installed files to '/home/mcrr-lab/raf-deploy/build/raf_kinova_controller/install.log'
[1.264s] Invoked command in '/home/mcrr-lab/raf-deploy/src/raf_kinova_controller' returned '0': DEBUGINFOD_URLS=https://debuginfod.ubuntu.com PYTHONPATH=/home/mcrr-lab/raf-deploy/build/raf_kinova_controller/prefix_override:/usr/lib/python3/dist-packages/colcon_core/task/python/colcon_distutils_commands:/home/mcrr-lab/raf-deploy/install/raf_kinova_controller/lib/python3.12/site-packages:${PYTHONPATH} VIRTUAL_ENV_PROMPT=(deploy-env) /usr/bin/python3 -W ignore:setup.py install is deprecated -W ignore:easy_install command is deprecated setup.py egg_info --egg-base ../../build/raf_kinova_controller build --build-base /home/mcrr-lab/raf-deploy/build/raf_kinova_controller/build install --record /home/mcrr-lab/raf-deploy/build/raf_kinova_controller/install.log --single-version-externally-managed install_data
