-- Found ament_cmake_auto: 2.5.4 (/opt/ros/jazzy/share/ament_cmake_auto/cmake)
-- Found Python3: /home/mcrr-lab/deploy-env/bin/python3 (found version "3.12.3") found components: Interpreter 
-- Found rosidl_default_generators: 1.6.0 (/opt/ros/jazzy/share/rosidl_default_generators/cmake)
-- Using all available rosidl_typesupport_c: rosidl_typesupport_fastrtps_c;rosidl_typesupport_introspection_c
-- Using all available rosidl_typesupport_cpp: rosidl_typesupport_fastrtps_cpp;rosidl_typesupport_introspection_cpp
-- Found rosidl_adapter: 4.6.5 (/opt/ros/jazzy/share/rosidl_adapter/cmake)
-- Found std_msgs: 5.3.6 (/opt/ros/jazzy/share/std_msgs/cmake)
-- Found sensor_msgs: 5.3.6 (/opt/ros/jazzy/share/sensor_msgs/cmake)
-- Found ament_cmake_ros: 0.12.0 (/opt/ros/jazzy/share/ament_cmake_ros/cmake)
-- Using all available rosidl_typesupport_c: rosidl_typesupport_fastrtps_c;rosidl_typesupport_introspection_c
-- Using all available rosidl_typesupport_cpp: rosidl_typesupport_fastrtps_cpp;rosidl_typesupport_introspection_cpp
-- Found python_cmake_module: 0.11.1 (/opt/ros/jazzy/share/python_cmake_module/cmake)
-- Found Python3: /home/mcrr-lab/deploy-env/bin/python3 (found version "3.12.3") found components: Interpreter Development NumPy Development.Module Development.Embed 
-- Configuring done (1.3s)
-- Generating done (0.0s)
-- Build files have been written to: /home/mcrr-lab/raf-deploy/build/raf_interfaces
[  1%] [34m[1mGenerating type hashes for ROS interfaces[0m
[  1%] Built target ament_cmake_python_copy_raf_interfaces
running egg_info
writing raf_interfaces.egg-info/PKG-INFO
writing dependency_links to raf_interfaces.egg-info/dependency_links.txt
writing top-level names to raf_interfaces.egg-info/top_level.txt
[  1%] Built target raf_interfaces__rosidl_generator_type_description
[  2%] [34m[1mGenerating C code for ROS interfaces[0m
reading manifest file 'raf_interfaces.egg-info/SOURCES.txt'
writing manifest file 'raf_interfaces.egg-info/SOURCES.txt'
[  4%] [34m[1mGenerating C++ code for ROS interfaces[0m
[  4%] Built target ament_cmake_python_build_raf_interfaces_egg
[  4%] Built target raf_interfaces__cpp
[  6%] [32mBuilding C object CMakeFiles/raf_interfaces__rosidl_generator_c.dir/rosidl_generator_c/raf_interfaces/msg/detail/detected_food__functions.c.o[0m
[  6%] [32mBuilding C object CMakeFiles/raf_interfaces__rosidl_generator_c.dir/rosidl_generator_c/raf_interfaces/srv/detail/set_gripper__description.c.o[0m
[  9%] [32mBuilding C object CMakeFiles/raf_interfaces__rosidl_generator_c.dir/rosidl_generator_c/raf_interfaces/msg/detail/detected_food__description.c.o[0m
[  9%] [32mBuilding C object CMakeFiles/raf_interfaces__rosidl_generator_c.dir/rosidl_generator_c/raf_interfaces/srv/detail/set_gripper__functions.c.o[0m
[ 10%] [32mBuilding C object CMakeFiles/raf_interfaces__rosidl_generator_c.dir/rosidl_generator_c/raf_interfaces/srv/detail/set_joint_angles__description.c.o[0m
[ 12%] [32mBuilding C object CMakeFiles/raf_interfaces__rosidl_generator_c.dir/rosidl_generator_c/raf_interfaces/srv/detail/set_joint_angles__functions.c.o[0m
[ 13%] [32mBuilding C object CMakeFiles/raf_interfaces__rosidl_generator_c.dir/rosidl_generator_c/raf_interfaces/srv/detail/set_joint_angles__type_support.c.o[0m
[ 16%] [32mBuilding C object CMakeFiles/raf_interfaces__rosidl_generator_c.dir/rosidl_generator_c/raf_interfaces/msg/detail/detected_food__type_support.c.o[0m
[ 16%] [32mBuilding C object CMakeFiles/raf_interfaces__rosidl_generator_c.dir/rosidl_generator_c/raf_interfaces/srv/detail/identify_food__description.c.o[0m
[ 17%] [32mBuilding C object CMakeFiles/raf_interfaces__rosidl_generator_c.dir/rosidl_generator_c/raf_interfaces/srv/detail/set_pose__functions.c.o[0m
[ 18%] [32mBuilding C object CMakeFiles/raf_interfaces__rosidl_generator_c.dir/rosidl_generator_c/raf_interfaces/srv/detail/identify_food__functions.c.o[0m
[ 20%] [32mBuilding C object CMakeFiles/raf_interfaces__rosidl_generator_c.dir/rosidl_generator_c/raf_interfaces/srv/detail/identify_food__type_support.c.o[0m
[ 21%] [32mBuilding C object CMakeFiles/raf_interfaces__rosidl_generator_c.dir/rosidl_generator_c/raf_interfaces/srv/detail/set_gripper__type_support.c.o[0m
[ 22%] [32mBuilding C object CMakeFiles/raf_interfaces__rosidl_generator_c.dir/rosidl_generator_c/raf_interfaces/srv/detail/set_pose__description.c.o[0m
[ 24%] [32mBuilding C object CMakeFiles/raf_interfaces__rosidl_generator_c.dir/rosidl_generator_c/raf_interfaces/srv/detail/set_pose__type_support.c.o[0m
[ 25%] [32m[1mLinking C shared library libraf_interfaces__rosidl_generator_c.so[0m
[ 25%] Built target raf_interfaces__rosidl_generator_c
[ 29%] [34m[1mGenerating C type support for eProsima Fast-RTPS[0m
[ 29%] [34m[1mGenerating C++ type support dispatch for ROS interfaces[0m
[ 29%] [34m[1mGenerating C type support dispatch for ROS interfaces[0m
[ 32%] [34m[1mGenerating C++ type support for eProsima Fast-RTPS[0m
[ 32%] [34m[1mGenerating C introspection for ROS interfaces[0m
[ 33%] [34m[1mGenerating C++ introspection for ROS interfaces[0m
[ 36%] [32mBuilding CXX object CMakeFiles/raf_interfaces__rosidl_typesupport_c.dir/rosidl_typesupport_c/raf_interfaces/msg/detected_food__type_support.cpp.o[0m
[ 36%] [32mBuilding CXX object CMakeFiles/raf_interfaces__rosidl_typesupport_c.dir/rosidl_typesupport_c/raf_interfaces/srv/identify_food__type_support.cpp.o[0m
[ 37%] [32mBuilding CXX object CMakeFiles/raf_interfaces__rosidl_typesupport_c.dir/rosidl_typesupport_c/raf_interfaces/srv/set_gripper__type_support.cpp.o[0m
[ 39%] [32mBuilding CXX object CMakeFiles/raf_interfaces__rosidl_typesupport_c.dir/rosidl_typesupport_c/raf_interfaces/srv/set_joint_angles__type_support.cpp.o[0m
[ 40%] [32mBuilding CXX object CMakeFiles/raf_interfaces__rosidl_typesupport_c.dir/rosidl_typesupport_c/raf_interfaces/srv/set_pose__type_support.cpp.o[0m
[ 43%] [32mBuilding CXX object CMakeFiles/raf_interfaces__rosidl_typesupport_cpp.dir/rosidl_typesupport_cpp/raf_interfaces/srv/identify_food__type_support.cpp.o[0m
[ 43%] [32mBuilding CXX object CMakeFiles/raf_interfaces__rosidl_typesupport_cpp.dir/rosidl_typesupport_cpp/raf_interfaces/srv/set_joint_angles__type_support.cpp.o[0m
[ 44%] [32mBuilding CXX object CMakeFiles/raf_interfaces__rosidl_typesupport_cpp.dir/rosidl_typesupport_cpp/raf_interfaces/msg/detected_food__type_support.cpp.o[0m
[ 45%] [32mBuilding CXX object CMakeFiles/raf_interfaces__rosidl_typesupport_cpp.dir/rosidl_typesupport_cpp/raf_interfaces/srv/set_gripper__type_support.cpp.o[0m
[ 47%] [32mBuilding CXX object CMakeFiles/raf_interfaces__rosidl_typesupport_cpp.dir/rosidl_typesupport_cpp/raf_interfaces/srv/set_pose__type_support.cpp.o[0m
[ 48%] [32m[1mLinking CXX shared library libraf_interfaces__rosidl_typesupport_c.so[0m
[ 54%] [32mBuilding CXX object CMakeFiles/raf_interfaces__rosidl_typesupport_introspection_cpp.dir/rosidl_typesupport_introspection_cpp/raf_interfaces/srv/detail/set_gripper__type_support.cpp.o[0m
[ 54%] [32mBuilding CXX object CMakeFiles/raf_interfaces__rosidl_typesupport_introspection_cpp.dir/rosidl_typesupport_introspection_cpp/raf_interfaces/msg/detail/detected_food__type_support.cpp.o[0m
[ 54%] [32mBuilding CXX object CMakeFiles/raf_interfaces__rosidl_typesupport_introspection_cpp.dir/rosidl_typesupport_introspection_cpp/raf_interfaces/srv/detail/identify_food__type_support.cpp.o[0m
[ 54%] [32mBuilding CXX object CMakeFiles/raf_interfaces__rosidl_typesupport_introspection_cpp.dir/rosidl_typesupport_introspection_cpp/raf_interfaces/srv/detail/set_joint_angles__type_support.cpp.o[0m
[ 55%] [32mBuilding CXX object CMakeFiles/raf_interfaces__rosidl_typesupport_introspection_cpp.dir/rosidl_typesupport_introspection_cpp/raf_interfaces/srv/detail/set_pose__type_support.cpp.o[0m
[ 55%] Built target raf_interfaces__rosidl_typesupport_c
[ 62%] [32mBuilding C object CMakeFiles/raf_interfaces__rosidl_typesupport_introspection_c.dir/rosidl_typesupport_introspection_c/raf_interfaces/srv/detail/set_pose__type_support.c.o[0m
[ 62%] [32mBuilding C object CMakeFiles/raf_interfaces__rosidl_typesupport_introspection_c.dir/rosidl_typesupport_introspection_c/raf_interfaces/srv/detail/set_gripper__type_support.c.o[0m
[ 62%] [32mBuilding C object CMakeFiles/raf_interfaces__rosidl_typesupport_introspection_c.dir/rosidl_typesupport_introspection_c/raf_interfaces/srv/detail/identify_food__type_support.c.o[0m
[ 62%] [32mBuilding C object CMakeFiles/raf_interfaces__rosidl_typesupport_introspection_c.dir/rosidl_typesupport_introspection_c/raf_interfaces/srv/detail/set_joint_angles__type_support.c.o[0m
[ 62%] [32mBuilding C object CMakeFiles/raf_interfaces__rosidl_typesupport_introspection_c.dir/rosidl_typesupport_introspection_c/raf_interfaces/msg/detail/detected_food__type_support.c.o[0m
[ 63%] [32m[1mLinking C shared library libraf_interfaces__rosidl_typesupport_introspection_c.so[0m
[ 63%] Built target raf_interfaces__rosidl_typesupport_introspection_c
[ 70%] [32mBuilding CXX object CMakeFiles/raf_interfaces__rosidl_typesupport_fastrtps_cpp.dir/rosidl_typesupport_fastrtps_cpp/raf_interfaces/srv/detail/dds_fastrtps/set_pose__type_support.cpp.o[0m
[ 70%] [32mBuilding CXX object CMakeFiles/raf_interfaces__rosidl_typesupport_fastrtps_cpp.dir/rosidl_typesupport_fastrtps_cpp/raf_interfaces/srv/detail/dds_fastrtps/identify_food__type_support.cpp.o[0m
[ 70%] [32mBuilding CXX object CMakeFiles/raf_interfaces__rosidl_typesupport_fastrtps_cpp.dir/rosidl_typesupport_fastrtps_cpp/raf_interfaces/srv/detail/dds_fastrtps/set_joint_angles__type_support.cpp.o[0m
[ 70%] [32mBuilding CXX object CMakeFiles/raf_interfaces__rosidl_typesupport_fastrtps_cpp.dir/rosidl_typesupport_fastrtps_cpp/raf_interfaces/srv/detail/dds_fastrtps/set_gripper__type_support.cpp.o[0m
[ 70%] [32mBuilding CXX object CMakeFiles/raf_interfaces__rosidl_typesupport_fastrtps_cpp.dir/rosidl_typesupport_fastrtps_cpp/raf_interfaces/msg/detail/dds_fastrtps/detected_food__type_support.cpp.o[0m
[ 71%] [32mBuilding CXX object CMakeFiles/raf_interfaces__rosidl_typesupport_fastrtps_c.dir/rosidl_typesupport_fastrtps_c/raf_interfaces/srv/detail/identify_food__type_support_c.cpp.o[0m
[ 72%] [32mBuilding CXX object CMakeFiles/raf_interfaces__rosidl_typesupport_fastrtps_c.dir/rosidl_typesupport_fastrtps_c/raf_interfaces/srv/detail/set_pose__type_support_c.cpp.o[0m
[ 74%] [32mBuilding CXX object CMakeFiles/raf_interfaces__rosidl_typesupport_fastrtps_c.dir/rosidl_typesupport_fastrtps_c/raf_interfaces/msg/detail/detected_food__type_support_c.cpp.o[0m
[ 75%] [32mBuilding CXX object CMakeFiles/raf_interfaces__rosidl_typesupport_fastrtps_c.dir/rosidl_typesupport_fastrtps_c/raf_interfaces/srv/detail/set_joint_angles__type_support_c.cpp.o[0m
[ 77%] [32mBuilding CXX object CMakeFiles/raf_interfaces__rosidl_typesupport_fastrtps_c.dir/rosidl_typesupport_fastrtps_c/raf_interfaces/srv/detail/set_gripper__type_support_c.cpp.o[0m
[ 78%] [32m[1mLinking CXX shared library libraf_interfaces__rosidl_typesupport_cpp.so[0m
[ 78%] Built target raf_interfaces__rosidl_typesupport_cpp
[ 79%] [32m[1mLinking CXX shared library libraf_interfaces__rosidl_typesupport_introspection_cpp.so[0m
[ 79%] Built target raf_interfaces__rosidl_typesupport_introspection_cpp
[ 81%] [32m[1mLinking CXX shared library libraf_interfaces__rosidl_typesupport_fastrtps_c.so[0m
[ 81%] Built target raf_interfaces__rosidl_typesupport_fastrtps_c
[ 82%] [32m[1mLinking CXX shared library libraf_interfaces__rosidl_typesupport_fastrtps_cpp.so[0m
[ 82%] Built target raf_interfaces__rosidl_typesupport_fastrtps_cpp
[ 82%] Built target raf_interfaces
[ 83%] [34m[1mGenerating Python code for ROS interfaces[0m
[ 83%] Built target raf_interfaces__py
[ 85%] [32mBuilding C object CMakeFiles/raf_interfaces__rosidl_generator_py.dir/rosidl_generator_py/raf_interfaces/srv/_set_joint_angles_s.c.o[0m
[ 86%] [32mBuilding C object CMakeFiles/raf_interfaces__rosidl_generator_py.dir/rosidl_generator_py/raf_interfaces/srv/_set_pose_s.c.o[0m
[ 87%] [32mBuilding C object CMakeFiles/raf_interfaces__rosidl_generator_py.dir/rosidl_generator_py/raf_interfaces/msg/_detected_food_s.c.o[0m
[ 90%] [32mBuilding C object CMakeFiles/raf_interfaces__rosidl_generator_py.dir/rosidl_generator_py/raf_interfaces/srv/_identify_food_s.c.o[0m
[ 90%] [32mBuilding C object CMakeFiles/raf_interfaces__rosidl_generator_py.dir/rosidl_generator_py/raf_interfaces/srv/_set_gripper_s.c.o[0m
[ 91%] [32m[1mLinking C shared library libraf_interfaces__rosidl_generator_py.so[0m
[ 91%] Built target raf_interfaces__rosidl_generator_py
[ 93%] [32mBuilding C object CMakeFiles/raf_interfaces_s__rosidl_typesupport_introspection_c.dir/rosidl_generator_py/raf_interfaces/_raf_interfaces_s.ep.rosidl_typesupport_introspection_c.c.o[0m
[ 94%] [32mBuilding C object CMakeFiles/raf_interfaces_s__rosidl_typesupport_fastrtps_c.dir/rosidl_generator_py/raf_interfaces/_raf_interfaces_s.ep.rosidl_typesupport_fastrtps_c.c.o[0m
[ 95%] [32mBuilding C object CMakeFiles/raf_interfaces_s__rosidl_typesupport_c.dir/rosidl_generator_py/raf_interfaces/_raf_interfaces_s.ep.rosidl_typesupport_c.c.o[0m
[ 97%] [32m[1mLinking C shared module rosidl_generator_py/raf_interfaces/raf_interfaces_s__rosidl_typesupport_c.so[0m
[ 98%] [32m[1mLinking C shared module rosidl_generator_py/raf_interfaces/raf_interfaces_s__rosidl_typesupport_introspection_c.so[0m
[100%] [32m[1mLinking C shared module rosidl_generator_py/raf_interfaces/raf_interfaces_s__rosidl_typesupport_fastrtps_c.so[0m
[100%] Built target raf_interfaces_s__rosidl_typesupport_fastrtps_c
[100%] Built target raf_interfaces_s__rosidl_typesupport_introspection_c
[100%] Built target raf_interfaces_s__rosidl_typesupport_c
-- Install configuration: ""
-- Installing: /home/mcrr-lab/raf-deploy/install/raf_interfaces/share/ament_index/resource_index/rosidl_interfaces/raf_interfaces
-- Installing: /home/mcrr-lab/raf-deploy/install/raf_interfaces/share/raf_interfaces/msg/DetectedFood.json
-- Installing: /home/mcrr-lab/raf-deploy/install/raf_interfaces/share/raf_interfaces/srv/IdentifyFood.json
-- Installing: /home/mcrr-lab/raf-deploy/install/raf_interfaces/share/raf_interfaces/srv/SetGripper.json
-- Installing: /home/mcrr-lab/raf-deploy/install/raf_interfaces/share/raf_interfaces/srv/SetJointAngles.json
-- Installing: /home/mcrr-lab/raf-deploy/install/raf_interfaces/share/raf_interfaces/srv/SetPose.json
-- Up-to-date: /home/mcrr-lab/raf-deploy/install/raf_interfaces/include/raf_interfaces/raf_interfaces
-- Up-to-date: /home/mcrr-lab/raf-deploy/install/raf_interfaces/include/raf_interfaces/raf_interfaces/srv
-- Installing: /home/mcrr-lab/raf-deploy/install/raf_interfaces/include/raf_interfaces/raf_interfaces/srv/set_gripper.h
-- Installing: /home/mcrr-lab/raf-deploy/install/raf_interfaces/include/raf_interfaces/raf_interfaces/srv/set_joint_angles.h
-- Installing: /home/mcrr-lab/raf-deploy/install/raf_interfaces/include/raf_interfaces/raf_interfaces/srv/identify_food.h
-- Up-to-date: /home/mcrr-lab/raf-deploy/install/raf_interfaces/include/raf_interfaces/raf_interfaces/srv/detail
-- Installing: /home/mcrr-lab/raf-deploy/install/raf_interfaces/include/raf_interfaces/raf_interfaces/srv/detail/set_joint_angles__functions.c
-- Installing: /home/mcrr-lab/raf-deploy/install/raf_interfaces/include/raf_interfaces/raf_interfaces/srv/detail/set_pose__type_support.h
-- Installing: /home/mcrr-lab/raf-deploy/install/raf_interfaces/include/raf_interfaces/raf_interfaces/srv/detail/identify_food__type_support.c
-- Installing: /home/mcrr-lab/raf-deploy/install/raf_interfaces/include/raf_interfaces/raf_interfaces/srv/detail/set_joint_angles__struct.h
-- Installing: /home/mcrr-lab/raf-deploy/install/raf_interfaces/include/raf_interfaces/raf_interfaces/srv/detail/set_joint_angles__type_support.c
-- Installing: /home/mcrr-lab/raf-deploy/install/raf_interfaces/include/raf_interfaces/raf_interfaces/srv/detail/set_gripper__functions.h
-- Installing: /home/mcrr-lab/raf-deploy/install/raf_interfaces/include/raf_interfaces/raf_interfaces/srv/detail/set_gripper__type_support.h
-- Installing: /home/mcrr-lab/raf-deploy/install/raf_interfaces/include/raf_interfaces/raf_interfaces/srv/detail/set_pose__functions.c
-- Installing: /home/mcrr-lab/raf-deploy/install/raf_interfaces/include/raf_interfaces/raf_interfaces/srv/detail/set_pose__struct.h
-- Installing: /home/mcrr-lab/raf-deploy/install/raf_interfaces/include/raf_interfaces/raf_interfaces/srv/detail/identify_food__functions.c
-- Installing: /home/mcrr-lab/raf-deploy/install/raf_interfaces/include/raf_interfaces/raf_interfaces/srv/detail/set_gripper__type_support.c
-- Installing: /home/mcrr-lab/raf-deploy/install/raf_interfaces/include/raf_interfaces/raf_interfaces/srv/detail/set_gripper__struct.h
-- Installing: /home/mcrr-lab/raf-deploy/install/raf_interfaces/include/raf_interfaces/raf_interfaces/srv/detail/set_gripper__functions.c
-- Installing: /home/mcrr-lab/raf-deploy/install/raf_interfaces/include/raf_interfaces/raf_interfaces/srv/detail/identify_food__type_support.h
-- Installing: /home/mcrr-lab/raf-deploy/install/raf_interfaces/include/raf_interfaces/raf_interfaces/srv/detail/identify_food__struct.h
-- Installing: /home/mcrr-lab/raf-deploy/install/raf_interfaces/include/raf_interfaces/raf_interfaces/srv/detail/set_gripper__description.c
-- Installing: /home/mcrr-lab/raf-deploy/install/raf_interfaces/include/raf_interfaces/raf_interfaces/srv/detail/set_pose__description.c
-- Installing: /home/mcrr-lab/raf-deploy/install/raf_interfaces/include/raf_interfaces/raf_interfaces/srv/detail/set_pose__functions.h
-- Installing: /home/mcrr-lab/raf-deploy/install/raf_interfaces/include/raf_interfaces/raf_interfaces/srv/detail/set_joint_angles__description.c
-- Installing: /home/mcrr-lab/raf-deploy/install/raf_interfaces/include/raf_interfaces/raf_interfaces/srv/detail/set_joint_angles__type_support.h
-- Installing: /home/mcrr-lab/raf-deploy/install/raf_interfaces/include/raf_interfaces/raf_interfaces/srv/detail/set_joint_angles__functions.h
-- Installing: /home/mcrr-lab/raf-deploy/install/raf_interfaces/include/raf_interfaces/raf_interfaces/srv/detail/identify_food__functions.h
-- Installing: /home/mcrr-lab/raf-deploy/install/raf_interfaces/include/raf_interfaces/raf_interfaces/srv/detail/set_pose__type_support.c
-- Installing: /home/mcrr-lab/raf-deploy/install/raf_interfaces/include/raf_interfaces/raf_interfaces/srv/detail/identify_food__description.c
-- Installing: /home/mcrr-lab/raf-deploy/install/raf_interfaces/include/raf_interfaces/raf_interfaces/srv/set_pose.h
-- Up-to-date: /home/mcrr-lab/raf-deploy/install/raf_interfaces/include/raf_interfaces/raf_interfaces/msg
-- Installing: /home/mcrr-lab/raf-deploy/install/raf_interfaces/include/raf_interfaces/raf_interfaces/msg/detected_food.h
-- Up-to-date: /home/mcrr-lab/raf-deploy/install/raf_interfaces/include/raf_interfaces/raf_interfaces/msg/detail
-- Installing: /home/mcrr-lab/raf-deploy/install/raf_interfaces/include/raf_interfaces/raf_interfaces/msg/detail/detected_food__description.c
-- Installing: /home/mcrr-lab/raf-deploy/install/raf_interfaces/include/raf_interfaces/raf_interfaces/msg/detail/detected_food__type_support.c
-- Installing: /home/mcrr-lab/raf-deploy/install/raf_interfaces/include/raf_interfaces/raf_interfaces/msg/detail/detected_food__type_support.h
-- Installing: /home/mcrr-lab/raf-deploy/install/raf_interfaces/include/raf_interfaces/raf_interfaces/msg/detail/detected_food__struct.h
-- Installing: /home/mcrr-lab/raf-deploy/install/raf_interfaces/include/raf_interfaces/raf_interfaces/msg/detail/detected_food__functions.h
-- Installing: /home/mcrr-lab/raf-deploy/install/raf_interfaces/include/raf_interfaces/raf_interfaces/msg/detail/detected_food__functions.c
-- Up-to-date: /home/mcrr-lab/raf-deploy/install/raf_interfaces/include/raf_interfaces/raf_interfaces/msg/rosidl_generator_c__visibility_control.h
-- Installing: /home/mcrr-lab/raf-deploy/install/raf_interfaces/share/raf_interfaces/environment/library_path.sh
-- Up-to-date: /home/mcrr-lab/raf-deploy/install/raf_interfaces/share/raf_interfaces/environment/library_path.dsv
-- Installing: /home/mcrr-lab/raf-deploy/install/raf_interfaces/lib/libraf_interfaces__rosidl_generator_c.so
-- Set non-toolchain portion of runtime path of "/home/mcrr-lab/raf-deploy/install/raf_interfaces/lib/libraf_interfaces__rosidl_generator_c.so" to ""
-- Up-to-date: /home/mcrr-lab/raf-deploy/install/raf_interfaces/include/raf_interfaces/raf_interfaces
-- Up-to-date: /home/mcrr-lab/raf-deploy/install/raf_interfaces/include/raf_interfaces/raf_interfaces/srv
-- Up-to-date: /home/mcrr-lab/raf-deploy/install/raf_interfaces/include/raf_interfaces/raf_interfaces/srv/detail
-- Installing: /home/mcrr-lab/raf-deploy/install/raf_interfaces/include/raf_interfaces/raf_interfaces/srv/detail/set_gripper__rosidl_typesupport_fastrtps_c.h
-- Installing: /home/mcrr-lab/raf-deploy/install/raf_interfaces/include/raf_interfaces/raf_interfaces/srv/detail/identify_food__rosidl_typesupport_fastrtps_c.h
-- Installing: /home/mcrr-lab/raf-deploy/install/raf_interfaces/include/raf_interfaces/raf_interfaces/srv/detail/set_pose__rosidl_typesupport_fastrtps_c.h
-- Installing: /home/mcrr-lab/raf-deploy/install/raf_interfaces/include/raf_interfaces/raf_interfaces/srv/detail/set_joint_angles__rosidl_typesupport_fastrtps_c.h
-- Up-to-date: /home/mcrr-lab/raf-deploy/install/raf_interfaces/include/raf_interfaces/raf_interfaces/msg
-- Up-to-date: /home/mcrr-lab/raf-deploy/install/raf_interfaces/include/raf_interfaces/raf_interfaces/msg/detail
-- Installing: /home/mcrr-lab/raf-deploy/install/raf_interfaces/include/raf_interfaces/raf_interfaces/msg/detail/detected_food__rosidl_typesupport_fastrtps_c.h
-- Up-to-date: /home/mcrr-lab/raf-deploy/install/raf_interfaces/include/raf_interfaces/raf_interfaces/msg/rosidl_typesupport_fastrtps_c__visibility_control.h
-- Installing: /home/mcrr-lab/raf-deploy/install/raf_interfaces/lib/libraf_interfaces__rosidl_typesupport_fastrtps_c.so
-- Set non-toolchain portion of runtime path of "/home/mcrr-lab/raf-deploy/install/raf_interfaces/lib/libraf_interfaces__rosidl_typesupport_fastrtps_c.so" to ""
-- Up-to-date: /home/mcrr-lab/raf-deploy/install/raf_interfaces/include/raf_interfaces/raf_interfaces
-- Up-to-date: /home/mcrr-lab/raf-deploy/install/raf_interfaces/include/raf_interfaces/raf_interfaces/srv
-- Up-to-date: /home/mcrr-lab/raf-deploy/install/raf_interfaces/include/raf_interfaces/raf_interfaces/srv/detail
-- Installing: /home/mcrr-lab/raf-deploy/install/raf_interfaces/include/raf_interfaces/raf_interfaces/srv/detail/set_gripper__rosidl_typesupport_introspection_c.h
-- Installing: /home/mcrr-lab/raf-deploy/install/raf_interfaces/include/raf_interfaces/raf_interfaces/srv/detail/identify_food__type_support.c
-- Installing: /home/mcrr-lab/raf-deploy/install/raf_interfaces/include/raf_interfaces/raf_interfaces/srv/detail/identify_food__rosidl_typesupport_introspection_c.h
-- Installing: /home/mcrr-lab/raf-deploy/install/raf_interfaces/include/raf_interfaces/raf_interfaces/srv/detail/set_joint_angles__type_support.c
-- Installing: /home/mcrr-lab/raf-deploy/install/raf_interfaces/include/raf_interfaces/raf_interfaces/srv/detail/set_joint_angles__rosidl_typesupport_introspection_c.h
-- Installing: /home/mcrr-lab/raf-deploy/install/raf_interfaces/include/raf_interfaces/raf_interfaces/srv/detail/set_pose__rosidl_typesupport_introspection_c.h
-- Installing: /home/mcrr-lab/raf-deploy/install/raf_interfaces/include/raf_interfaces/raf_interfaces/srv/detail/set_gripper__type_support.c
-- Installing: /home/mcrr-lab/raf-deploy/install/raf_interfaces/include/raf_interfaces/raf_interfaces/srv/detail/set_pose__type_support.c
-- Up-to-date: /home/mcrr-lab/raf-deploy/install/raf_interfaces/include/raf_interfaces/raf_interfaces/msg
-- Up-to-date: /home/mcrr-lab/raf-deploy/install/raf_interfaces/include/raf_interfaces/raf_interfaces/msg/detail
-- Installing: /home/mcrr-lab/raf-deploy/install/raf_interfaces/include/raf_interfaces/raf_interfaces/msg/detail/detected_food__type_support.c
-- Installing: /home/mcrr-lab/raf-deploy/install/raf_interfaces/include/raf_interfaces/raf_interfaces/msg/detail/detected_food__rosidl_typesupport_introspection_c.h
-- Up-to-date: /home/mcrr-lab/raf-deploy/install/raf_interfaces/include/raf_interfaces/raf_interfaces/msg/rosidl_typesupport_introspection_c__visibility_control.h
-- Installing: /home/mcrr-lab/raf-deploy/install/raf_interfaces/lib/libraf_interfaces__rosidl_typesupport_introspection_c.so
-- Set non-toolchain portion of runtime path of "/home/mcrr-lab/raf-deploy/install/raf_interfaces/lib/libraf_interfaces__rosidl_typesupport_introspection_c.so" to ""
-- Installing: /home/mcrr-lab/raf-deploy/install/raf_interfaces/lib/libraf_interfaces__rosidl_typesupport_c.so
-- Set non-toolchain portion of runtime path of "/home/mcrr-lab/raf-deploy/install/raf_interfaces/lib/libraf_interfaces__rosidl_typesupport_c.so" to ""
-- Up-to-date: /home/mcrr-lab/raf-deploy/install/raf_interfaces/include/raf_interfaces/raf_interfaces
-- Up-to-date: /home/mcrr-lab/raf-deploy/install/raf_interfaces/include/raf_interfaces/raf_interfaces/srv
-- Installing: /home/mcrr-lab/raf-deploy/install/raf_interfaces/include/raf_interfaces/raf_interfaces/srv/set_gripper.hpp
-- Installing: /home/mcrr-lab/raf-deploy/install/raf_interfaces/include/raf_interfaces/raf_interfaces/srv/set_pose.hpp
-- Up-to-date: /home/mcrr-lab/raf-deploy/install/raf_interfaces/include/raf_interfaces/raf_interfaces/srv/detail
-- Installing: /home/mcrr-lab/raf-deploy/install/raf_interfaces/include/raf_interfaces/raf_interfaces/srv/detail/set_gripper__type_support.hpp
-- Installing: /home/mcrr-lab/raf-deploy/install/raf_interfaces/include/raf_interfaces/raf_interfaces/srv/detail/set_pose__builder.hpp
-- Installing: /home/mcrr-lab/raf-deploy/install/raf_interfaces/include/raf_interfaces/raf_interfaces/srv/detail/set_pose__struct.hpp
-- Installing: /home/mcrr-lab/raf-deploy/install/raf_interfaces/include/raf_interfaces/raf_interfaces/srv/detail/set_pose__type_support.hpp
-- Installing: /home/mcrr-lab/raf-deploy/install/raf_interfaces/include/raf_interfaces/raf_interfaces/srv/detail/set_pose__traits.hpp
-- Installing: /home/mcrr-lab/raf-deploy/install/raf_interfaces/include/raf_interfaces/raf_interfaces/srv/detail/set_joint_angles__type_support.hpp
-- Installing: /home/mcrr-lab/raf-deploy/install/raf_interfaces/include/raf_interfaces/raf_interfaces/srv/detail/set_joint_angles__struct.hpp
-- Installing: /home/mcrr-lab/raf-deploy/install/raf_interfaces/include/raf_interfaces/raf_interfaces/srv/detail/identify_food__builder.hpp
-- Installing: /home/mcrr-lab/raf-deploy/install/raf_interfaces/include/raf_interfaces/raf_interfaces/srv/detail/identify_food__struct.hpp
-- Installing: /home/mcrr-lab/raf-deploy/install/raf_interfaces/include/raf_interfaces/raf_interfaces/srv/detail/set_gripper__struct.hpp
-- Installing: /home/mcrr-lab/raf-deploy/install/raf_interfaces/include/raf_interfaces/raf_interfaces/srv/detail/set_joint_angles__builder.hpp
-- Installing: /home/mcrr-lab/raf-deploy/install/raf_interfaces/include/raf_interfaces/raf_interfaces/srv/detail/identify_food__type_support.hpp
-- Installing: /home/mcrr-lab/raf-deploy/install/raf_interfaces/include/raf_interfaces/raf_interfaces/srv/detail/set_gripper__traits.hpp
-- Installing: /home/mcrr-lab/raf-deploy/install/raf_interfaces/include/raf_interfaces/raf_interfaces/srv/detail/set_joint_angles__traits.hpp
-- Installing: /home/mcrr-lab/raf-deploy/install/raf_interfaces/include/raf_interfaces/raf_interfaces/srv/detail/set_gripper__builder.hpp
-- Installing: /home/mcrr-lab/raf-deploy/install/raf_interfaces/include/raf_interfaces/raf_interfaces/srv/detail/identify_food__traits.hpp
-- Installing: /home/mcrr-lab/raf-deploy/install/raf_interfaces/include/raf_interfaces/raf_interfaces/srv/set_joint_angles.hpp
-- Installing: /home/mcrr-lab/raf-deploy/install/raf_interfaces/include/raf_interfaces/raf_interfaces/srv/identify_food.hpp
-- Up-to-date: /home/mcrr-lab/raf-deploy/install/raf_interfaces/include/raf_interfaces/raf_interfaces/msg
-- Installing: /home/mcrr-lab/raf-deploy/install/raf_interfaces/include/raf_interfaces/raf_interfaces/msg/detected_food.hpp
-- Up-to-date: /home/mcrr-lab/raf-deploy/install/raf_interfaces/include/raf_interfaces/raf_interfaces/msg/detail
-- Installing: /home/mcrr-lab/raf-deploy/install/raf_interfaces/include/raf_interfaces/raf_interfaces/msg/detail/detected_food__builder.hpp
-- Installing: /home/mcrr-lab/raf-deploy/install/raf_interfaces/include/raf_interfaces/raf_interfaces/msg/detail/detected_food__struct.hpp
-- Installing: /home/mcrr-lab/raf-deploy/install/raf_interfaces/include/raf_interfaces/raf_interfaces/msg/detail/detected_food__type_support.hpp
-- Installing: /home/mcrr-lab/raf-deploy/install/raf_interfaces/include/raf_interfaces/raf_interfaces/msg/detail/detected_food__traits.hpp
-- Installing: /home/mcrr-lab/raf-deploy/install/raf_interfaces/include/raf_interfaces/raf_interfaces/msg/rosidl_generator_cpp__visibility_control.hpp
-- Up-to-date: /home/mcrr-lab/raf-deploy/install/raf_interfaces/include/raf_interfaces/raf_interfaces
-- Up-to-date: /home/mcrr-lab/raf-deploy/install/raf_interfaces/include/raf_interfaces/raf_interfaces/srv
-- Up-to-date: /home/mcrr-lab/raf-deploy/install/raf_interfaces/include/raf_interfaces/raf_interfaces/srv/detail
-- Installing: /home/mcrr-lab/raf-deploy/install/raf_interfaces/include/raf_interfaces/raf_interfaces/srv/detail/identify_food__rosidl_typesupport_fastrtps_cpp.hpp
-- Installing: /home/mcrr-lab/raf-deploy/install/raf_interfaces/include/raf_interfaces/raf_interfaces/srv/detail/set_joint_angles__rosidl_typesupport_fastrtps_cpp.hpp
-- Installing: /home/mcrr-lab/raf-deploy/install/raf_interfaces/include/raf_interfaces/raf_interfaces/srv/detail/set_gripper__rosidl_typesupport_fastrtps_cpp.hpp
-- Installing: /home/mcrr-lab/raf-deploy/install/raf_interfaces/include/raf_interfaces/raf_interfaces/srv/detail/set_pose__rosidl_typesupport_fastrtps_cpp.hpp
-- Installing: /home/mcrr-lab/raf-deploy/install/raf_interfaces/include/raf_interfaces/raf_interfaces/srv/detail/dds_fastrtps
-- Up-to-date: /home/mcrr-lab/raf-deploy/install/raf_interfaces/include/raf_interfaces/raf_interfaces/msg
-- Up-to-date: /home/mcrr-lab/raf-deploy/install/raf_interfaces/include/raf_interfaces/raf_interfaces/msg/detail
-- Installing: /home/mcrr-lab/raf-deploy/install/raf_interfaces/include/raf_interfaces/raf_interfaces/msg/detail/dds_fastrtps
-- Installing: /home/mcrr-lab/raf-deploy/install/raf_interfaces/include/raf_interfaces/raf_interfaces/msg/detail/detected_food__rosidl_typesupport_fastrtps_cpp.hpp
-- Up-to-date: /home/mcrr-lab/raf-deploy/install/raf_interfaces/include/raf_interfaces/raf_interfaces/msg/rosidl_typesupport_fastrtps_cpp__visibility_control.h
-- Installing: /home/mcrr-lab/raf-deploy/install/raf_interfaces/lib/libraf_interfaces__rosidl_typesupport_fastrtps_cpp.so
-- Set non-toolchain portion of runtime path of "/home/mcrr-lab/raf-deploy/install/raf_interfaces/lib/libraf_interfaces__rosidl_typesupport_fastrtps_cpp.so" to ""
-- Up-to-date: /home/mcrr-lab/raf-deploy/install/raf_interfaces/include/raf_interfaces/raf_interfaces
-- Up-to-date: /home/mcrr-lab/raf-deploy/install/raf_interfaces/include/raf_interfaces/raf_interfaces/srv
-- Up-to-date: /home/mcrr-lab/raf-deploy/install/raf_interfaces/include/raf_interfaces/raf_interfaces/srv/detail
-- Installing: /home/mcrr-lab/raf-deploy/install/raf_interfaces/include/raf_interfaces/raf_interfaces/srv/detail/set_joint_angles__rosidl_typesupport_introspection_cpp.hpp
-- Installing: /home/mcrr-lab/raf-deploy/install/raf_interfaces/include/raf_interfaces/raf_interfaces/srv/detail/set_gripper__type_support.cpp
-- Installing: /home/mcrr-lab/raf-deploy/install/raf_interfaces/include/raf_interfaces/raf_interfaces/srv/detail/set_pose__type_support.cpp
-- Installing: /home/mcrr-lab/raf-deploy/install/raf_interfaces/include/raf_interfaces/raf_interfaces/srv/detail/set_joint_angles__type_support.cpp
-- Installing: /home/mcrr-lab/raf-deploy/install/raf_interfaces/include/raf_interfaces/raf_interfaces/srv/detail/set_pose__rosidl_typesupport_introspection_cpp.hpp
-- Installing: /home/mcrr-lab/raf-deploy/install/raf_interfaces/include/raf_interfaces/raf_interfaces/srv/detail/set_gripper__rosidl_typesupport_introspection_cpp.hpp
-- Installing: /home/mcrr-lab/raf-deploy/install/raf_interfaces/include/raf_interfaces/raf_interfaces/srv/detail/identify_food__rosidl_typesupport_introspection_cpp.hpp
-- Installing: /home/mcrr-lab/raf-deploy/install/raf_interfaces/include/raf_interfaces/raf_interfaces/srv/detail/identify_food__type_support.cpp
-- Up-to-date: /home/mcrr-lab/raf-deploy/install/raf_interfaces/include/raf_interfaces/raf_interfaces/msg
-- Up-to-date: /home/mcrr-lab/raf-deploy/install/raf_interfaces/include/raf_interfaces/raf_interfaces/msg/detail
-- Installing: /home/mcrr-lab/raf-deploy/install/raf_interfaces/include/raf_interfaces/raf_interfaces/msg/detail/detected_food__type_support.cpp
-- Installing: /home/mcrr-lab/raf-deploy/install/raf_interfaces/include/raf_interfaces/raf_interfaces/msg/detail/detected_food__rosidl_typesupport_introspection_cpp.hpp
-- Installing: /home/mcrr-lab/raf-deploy/install/raf_interfaces/lib/libraf_interfaces__rosidl_typesupport_introspection_cpp.so
-- Set non-toolchain portion of runtime path of "/home/mcrr-lab/raf-deploy/install/raf_interfaces/lib/libraf_interfaces__rosidl_typesupport_introspection_cpp.so" to ""
-- Installing: /home/mcrr-lab/raf-deploy/install/raf_interfaces/lib/libraf_interfaces__rosidl_typesupport_cpp.so
-- Set non-toolchain portion of runtime path of "/home/mcrr-lab/raf-deploy/install/raf_interfaces/lib/libraf_interfaces__rosidl_typesupport_cpp.so" to ""
-- Up-to-date: /home/mcrr-lab/raf-deploy/install/raf_interfaces/share/raf_interfaces/environment/pythonpath.sh
-- Up-to-date: /home/mcrr-lab/raf-deploy/install/raf_interfaces/share/raf_interfaces/environment/pythonpath.dsv
-- Up-to-date: /home/mcrr-lab/raf-deploy/install/raf_interfaces/lib/python3.12/site-packages/raf_interfaces-0.0.0-py3.12.egg-info
-- Installing: /home/mcrr-lab/raf-deploy/install/raf_interfaces/lib/python3.12/site-packages/raf_interfaces-0.0.0-py3.12.egg-info/dependency_links.txt
-- Installing: /home/mcrr-lab/raf-deploy/install/raf_interfaces/lib/python3.12/site-packages/raf_interfaces-0.0.0-py3.12.egg-info/top_level.txt
-- Installing: /home/mcrr-lab/raf-deploy/install/raf_interfaces/lib/python3.12/site-packages/raf_interfaces-0.0.0-py3.12.egg-info/PKG-INFO
-- Installing: /home/mcrr-lab/raf-deploy/install/raf_interfaces/lib/python3.12/site-packages/raf_interfaces-0.0.0-py3.12.egg-info/SOURCES.txt
-- Up-to-date: /home/mcrr-lab/raf-deploy/install/raf_interfaces/lib/python3.12/site-packages/raf_interfaces
-- Installing: /home/mcrr-lab/raf-deploy/install/raf_interfaces/lib/python3.12/site-packages/raf_interfaces/raf_interfaces_s__rosidl_typesupport_fastrtps_c.so
-- Installing: /home/mcrr-lab/raf-deploy/install/raf_interfaces/lib/python3.12/site-packages/raf_interfaces/__init__.py
-- Up-to-date: /home/mcrr-lab/raf-deploy/install/raf_interfaces/lib/python3.12/site-packages/raf_interfaces/srv
-- Installing: /home/mcrr-lab/raf-deploy/install/raf_interfaces/lib/python3.12/site-packages/raf_interfaces/srv/_set_pose_s.c
-- Installing: /home/mcrr-lab/raf-deploy/install/raf_interfaces/lib/python3.12/site-packages/raf_interfaces/srv/_set_gripper_s.c
-- Installing: /home/mcrr-lab/raf-deploy/install/raf_interfaces/lib/python3.12/site-packages/raf_interfaces/srv/_set_pose.py
-- Installing: /home/mcrr-lab/raf-deploy/install/raf_interfaces/lib/python3.12/site-packages/raf_interfaces/srv/__init__.py
-- Installing: /home/mcrr-lab/raf-deploy/install/raf_interfaces/lib/python3.12/site-packages/raf_interfaces/srv/_set_joint_angles.py
-- Installing: /home/mcrr-lab/raf-deploy/install/raf_interfaces/lib/python3.12/site-packages/raf_interfaces/srv/_identify_food.py
-- Installing: /home/mcrr-lab/raf-deploy/install/raf_interfaces/lib/python3.12/site-packages/raf_interfaces/srv/_set_gripper.py
-- Installing: /home/mcrr-lab/raf-deploy/install/raf_interfaces/lib/python3.12/site-packages/raf_interfaces/srv/_set_joint_angles_s.c
-- Installing: /home/mcrr-lab/raf-deploy/install/raf_interfaces/lib/python3.12/site-packages/raf_interfaces/srv/_identify_food_s.c
-- Installing: /home/mcrr-lab/raf-deploy/install/raf_interfaces/lib/python3.12/site-packages/raf_interfaces/_raf_interfaces_s.ep.rosidl_typesupport_fastrtps_c.c
-- Installing: /home/mcrr-lab/raf-deploy/install/raf_interfaces/lib/python3.12/site-packages/raf_interfaces/raf_interfaces_s__rosidl_typesupport_c.so
-- Up-to-date: /home/mcrr-lab/raf-deploy/install/raf_interfaces/lib/python3.12/site-packages/raf_interfaces/msg
-- Installing: /home/mcrr-lab/raf-deploy/install/raf_interfaces/lib/python3.12/site-packages/raf_interfaces/msg/__init__.py
-- Installing: /home/mcrr-lab/raf-deploy/install/raf_interfaces/lib/python3.12/site-packages/raf_interfaces/msg/_detected_food_s.c
-- Installing: /home/mcrr-lab/raf-deploy/install/raf_interfaces/lib/python3.12/site-packages/raf_interfaces/msg/_detected_food.py
-- Installing: /home/mcrr-lab/raf-deploy/install/raf_interfaces/lib/python3.12/site-packages/raf_interfaces/_raf_interfaces_s.ep.rosidl_typesupport_introspection_c.c
-- Installing: /home/mcrr-lab/raf-deploy/install/raf_interfaces/lib/python3.12/site-packages/raf_interfaces/raf_interfaces_s__rosidl_typesupport_introspection_c.so
-- Installing: /home/mcrr-lab/raf-deploy/install/raf_interfaces/lib/python3.12/site-packages/raf_interfaces/_raf_interfaces_s.ep.rosidl_typesupport_c.c
Listing '/home/mcrr-lab/raf-deploy/install/raf_interfaces/lib/python3.12/site-packages/raf_interfaces'...
Compiling '/home/mcrr-lab/raf-deploy/install/raf_interfaces/lib/python3.12/site-packages/raf_interfaces/__init__.py'...
Listing '/home/mcrr-lab/raf-deploy/install/raf_interfaces/lib/python3.12/site-packages/raf_interfaces/msg'...
Compiling '/home/mcrr-lab/raf-deploy/install/raf_interfaces/lib/python3.12/site-packages/raf_interfaces/msg/__init__.py'...
Compiling '/home/mcrr-lab/raf-deploy/install/raf_interfaces/lib/python3.12/site-packages/raf_interfaces/msg/_detected_food.py'...
Listing '/home/mcrr-lab/raf-deploy/install/raf_interfaces/lib/python3.12/site-packages/raf_interfaces/srv'...
Compiling '/home/mcrr-lab/raf-deploy/install/raf_interfaces/lib/python3.12/site-packages/raf_interfaces/srv/__init__.py'...
Compiling '/home/mcrr-lab/raf-deploy/install/raf_interfaces/lib/python3.12/site-packages/raf_interfaces/srv/_identify_food.py'...
Compiling '/home/mcrr-lab/raf-deploy/install/raf_interfaces/lib/python3.12/site-packages/raf_interfaces/srv/_set_gripper.py'...
Compiling '/home/mcrr-lab/raf-deploy/install/raf_interfaces/lib/python3.12/site-packages/raf_interfaces/srv/_set_joint_angles.py'...
Compiling '/home/mcrr-lab/raf-deploy/install/raf_interfaces/lib/python3.12/site-packages/raf_interfaces/srv/_set_pose.py'...
-- Installing: /home/mcrr-lab/raf-deploy/install/raf_interfaces/lib/python3.12/site-packages/raf_interfaces/raf_interfaces_s__rosidl_typesupport_fastrtps_c.so
-- Set non-toolchain portion of runtime path of "/home/mcrr-lab/raf-deploy/install/raf_interfaces/lib/python3.12/site-packages/raf_interfaces/raf_interfaces_s__rosidl_typesupport_fastrtps_c.so" to ""
-- Installing: /home/mcrr-lab/raf-deploy/install/raf_interfaces/lib/python3.12/site-packages/raf_interfaces/raf_interfaces_s__rosidl_typesupport_introspection_c.so
-- Set non-toolchain portion of runtime path of "/home/mcrr-lab/raf-deploy/install/raf_interfaces/lib/python3.12/site-packages/raf_interfaces/raf_interfaces_s__rosidl_typesupport_introspection_c.so" to ""
-- Installing: /home/mcrr-lab/raf-deploy/install/raf_interfaces/lib/python3.12/site-packages/raf_interfaces/raf_interfaces_s__rosidl_typesupport_c.so
-- Set non-toolchain portion of runtime path of "/home/mcrr-lab/raf-deploy/install/raf_interfaces/lib/python3.12/site-packages/raf_interfaces/raf_interfaces_s__rosidl_typesupport_c.so" to ""
-- Installing: /home/mcrr-lab/raf-deploy/install/raf_interfaces/lib/libraf_interfaces__rosidl_generator_py.so
-- Set non-toolchain portion of runtime path of "/home/mcrr-lab/raf-deploy/install/raf_interfaces/lib/libraf_interfaces__rosidl_generator_py.so" to ""
-- Up-to-date: /home/mcrr-lab/raf-deploy/install/raf_interfaces/share/raf_interfaces/msg/DetectedFood.idl
-- Up-to-date: /home/mcrr-lab/raf-deploy/install/raf_interfaces/share/raf_interfaces/srv/IdentifyFood.idl
-- Installing: /home/mcrr-lab/raf-deploy/install/raf_interfaces/share/raf_interfaces/srv/SetGripper.idl
-- Installing: /home/mcrr-lab/raf-deploy/install/raf_interfaces/share/raf_interfaces/srv/SetJointAngles.idl
-- Installing: /home/mcrr-lab/raf-deploy/install/raf_interfaces/share/raf_interfaces/srv/SetPose.idl
-- Installing: /home/mcrr-lab/raf-deploy/install/raf_interfaces/share/raf_interfaces/msg/DetectedFood.msg
-- Installing: /home/mcrr-lab/raf-deploy/install/raf_interfaces/share/raf_interfaces/srv/IdentifyFood.srv
-- Installing: /home/mcrr-lab/raf-deploy/install/raf_interfaces/share/raf_interfaces/srv/SetGripper.srv
-- Installing: /home/mcrr-lab/raf-deploy/install/raf_interfaces/share/raf_interfaces/srv/SetJointAngles.srv
-- Installing: /home/mcrr-lab/raf-deploy/install/raf_interfaces/share/raf_interfaces/srv/SetPose.srv
-- Installing: /home/mcrr-lab/raf-deploy/install/raf_interfaces/share/ament_index/resource_index/package_run_dependencies/raf_interfaces
-- Installing: /home/mcrr-lab/raf-deploy/install/raf_interfaces/share/ament_index/resource_index/parent_prefix_path/raf_interfaces
-- Installing: /home/mcrr-lab/raf-deploy/install/raf_interfaces/share/raf_interfaces/environment/ament_prefix_path.sh
-- Up-to-date: /home/mcrr-lab/raf-deploy/install/raf_interfaces/share/raf_interfaces/environment/ament_prefix_path.dsv
-- Installing: /home/mcrr-lab/raf-deploy/install/raf_interfaces/share/raf_interfaces/environment/path.sh
-- Up-to-date: /home/mcrr-lab/raf-deploy/install/raf_interfaces/share/raf_interfaces/environment/path.dsv
-- Up-to-date: /home/mcrr-lab/raf-deploy/install/raf_interfaces/share/raf_interfaces/local_setup.bash
-- Up-to-date: /home/mcrr-lab/raf-deploy/install/raf_interfaces/share/raf_interfaces/local_setup.sh
-- Up-to-date: /home/mcrr-lab/raf-deploy/install/raf_interfaces/share/raf_interfaces/local_setup.zsh
-- Up-to-date: /home/mcrr-lab/raf-deploy/install/raf_interfaces/share/raf_interfaces/local_setup.dsv
-- Up-to-date: /home/mcrr-lab/raf-deploy/install/raf_interfaces/share/raf_interfaces/package.dsv
-- Up-to-date: /home/mcrr-lab/raf-deploy/install/raf_interfaces/share/ament_index/resource_index/packages/raf_interfaces
-- Up-to-date: /home/mcrr-lab/raf-deploy/install/raf_interfaces/share/raf_interfaces/cmake/export_raf_interfaces__rosidl_generator_cExport.cmake
-- Up-to-date: /home/mcrr-lab/raf-deploy/install/raf_interfaces/share/raf_interfaces/cmake/export_raf_interfaces__rosidl_generator_cExport-noconfig.cmake
-- Up-to-date: /home/mcrr-lab/raf-deploy/install/raf_interfaces/share/raf_interfaces/cmake/export_raf_interfaces__rosidl_typesupport_fastrtps_cExport.cmake
-- Up-to-date: /home/mcrr-lab/raf-deploy/install/raf_interfaces/share/raf_interfaces/cmake/export_raf_interfaces__rosidl_typesupport_fastrtps_cExport-noconfig.cmake
-- Up-to-date: /home/mcrr-lab/raf-deploy/install/raf_interfaces/share/raf_interfaces/cmake/raf_interfaces__rosidl_typesupport_introspection_cExport.cmake
-- Up-to-date: /home/mcrr-lab/raf-deploy/install/raf_interfaces/share/raf_interfaces/cmake/raf_interfaces__rosidl_typesupport_introspection_cExport-noconfig.cmake
-- Up-to-date: /home/mcrr-lab/raf-deploy/install/raf_interfaces/share/raf_interfaces/cmake/raf_interfaces__rosidl_typesupport_cExport.cmake
-- Up-to-date: /home/mcrr-lab/raf-deploy/install/raf_interfaces/share/raf_interfaces/cmake/raf_interfaces__rosidl_typesupport_cExport-noconfig.cmake
-- Up-to-date: /home/mcrr-lab/raf-deploy/install/raf_interfaces/share/raf_interfaces/cmake/export_raf_interfaces__rosidl_generator_cppExport.cmake
-- Up-to-date: /home/mcrr-lab/raf-deploy/install/raf_interfaces/share/raf_interfaces/cmake/export_raf_interfaces__rosidl_typesupport_fastrtps_cppExport.cmake
-- Up-to-date: /home/mcrr-lab/raf-deploy/install/raf_interfaces/share/raf_interfaces/cmake/export_raf_interfaces__rosidl_typesupport_fastrtps_cppExport-noconfig.cmake
-- Up-to-date: /home/mcrr-lab/raf-deploy/install/raf_interfaces/share/raf_interfaces/cmake/raf_interfaces__rosidl_typesupport_introspection_cppExport.cmake
-- Up-to-date: /home/mcrr-lab/raf-deploy/install/raf_interfaces/share/raf_interfaces/cmake/raf_interfaces__rosidl_typesupport_introspection_cppExport-noconfig.cmake
-- Up-to-date: /home/mcrr-lab/raf-deploy/install/raf_interfaces/share/raf_interfaces/cmake/raf_interfaces__rosidl_typesupport_cppExport.cmake
-- Up-to-date: /home/mcrr-lab/raf-deploy/install/raf_interfaces/share/raf_interfaces/cmake/raf_interfaces__rosidl_typesupport_cppExport-noconfig.cmake
-- Up-to-date: /home/mcrr-lab/raf-deploy/install/raf_interfaces/share/raf_interfaces/cmake/export_raf_interfaces__rosidl_generator_pyExport.cmake
-- Up-to-date: /home/mcrr-lab/raf-deploy/install/raf_interfaces/share/raf_interfaces/cmake/export_raf_interfaces__rosidl_generator_pyExport-noconfig.cmake
-- Installing: /home/mcrr-lab/raf-deploy/install/raf_interfaces/share/raf_interfaces/cmake/rosidl_cmake-extras.cmake
-- Installing: /home/mcrr-lab/raf-deploy/install/raf_interfaces/share/raf_interfaces/cmake/ament_cmake_export_dependencies-extras.cmake
-- Installing: /home/mcrr-lab/raf-deploy/install/raf_interfaces/share/raf_interfaces/cmake/ament_cmake_export_include_directories-extras.cmake
-- Up-to-date: /home/mcrr-lab/raf-deploy/install/raf_interfaces/share/raf_interfaces/cmake/ament_cmake_export_libraries-extras.cmake
-- Up-to-date: /home/mcrr-lab/raf-deploy/install/raf_interfaces/share/raf_interfaces/cmake/ament_cmake_export_targets-extras.cmake
-- Up-to-date: /home/mcrr-lab/raf-deploy/install/raf_interfaces/share/raf_interfaces/cmake/rosidl_cmake_export_typesupport_targets-extras.cmake
-- Up-to-date: /home/mcrr-lab/raf-deploy/install/raf_interfaces/share/raf_interfaces/cmake/rosidl_cmake_export_typesupport_libraries-extras.cmake
-- Up-to-date: /home/mcrr-lab/raf-deploy/install/raf_interfaces/share/raf_interfaces/cmake/raf_interfacesConfig.cmake
-- Up-to-date: /home/mcrr-lab/raf-deploy/install/raf_interfaces/share/raf_interfaces/cmake/raf_interfacesConfig-version.cmake
-- Installing: /home/mcrr-lab/raf-deploy/install/raf_interfaces/share/raf_interfaces/package.xml
